<?xml version="1.0" encoding="UTF-8"?>
<testsuite xmlns:xsi="http://www.w3.org/2001/XMLSchema-instance" xsi:noNamespaceSchemaLocation="https://maven.apache.org/surefire/maven-surefire-plugin/xsd/surefire-test-report-3.0.xsd" version="3.0" name="com.microrecetas.usuarios.UsuariosApplicationTests" time="14.437" tests="1" errors="0" skipped="0" failures="0">
  <properties>
[...]
</properties>
  <testcase name="contextLoads" classname="com.microrecetas.usuarios.UsuariosApplicationTests" time="0.779">
    <system-out><![CDATA[11:51:15.497 [main] INFO org.springframework.test.context.support.AnnotationConfigContextLoaderUtils -- Could not detect default configuration classes for test class [com.microrecetas.usuarios.UsuariosApplicationTests]: UsuariosApplicationTests does not declare any static, non-private, non-final, nested classes annotated with @Configuration.
11:51:15.687 [main] INFO org.springframework.boot.test.context.SpringBootTestContextBootstrapper -- Found @SpringBootConfiguration com.microrecetas.usuarios.UsuariosApplication for test class com.microrecetas.usuarios.UsuariosApplicationTests
11:51:16.114 [main] INFO org.springframework.boot.devtools.restart.RestartApplicationListener -- Restart disabled due to context in which it is running

  .   ____          _            __ _ _
 /\\ / ___'_ __ _ _(_)_ __  __ _ \ \ \ \
( ( )\___ | '_ | '_| | '_ \/ _` | \ \ \ \
 \\/  ___)| |_)| | | | | || (_| |  ) ) ) )
  '  |____| .__|_| |_|_| |_\__, | / / / /
 =========|_|==============|___/=/_/_/_/

 :: Spring Boot ::                (v3.3.5)

2024-11-14T11:51:16.714-03:00  INFO 13764 --- [usuarios] [           main] c.m.usuarios.UsuariosApplicationTests    : Starting UsuariosApplicationTests using Java 21.0.2 with PID 13764 (started by dario in C:\SeguridadCalidad\Semana3\Entrega\usuarios-main)
2024-11-14T11:51:16.717-03:00  INFO 13764 --- [usuarios] [           main] c.m.usuarios.UsuariosApplicationTests    : No active profile set, falling back to 1 default profile: "default"
2024-11-14T11:51:16.717-03:00 DEBUG 13764 --- [usuarios] [           main] o.s.boot.SpringApplication               : Loading source class com.microrecetas.usuarios.UsuariosApplication
2024-11-14T11:51:16.798-03:00 DEBUG 13764 --- [usuarios] [           main] o.s.w.c.s.GenericWebApplicationContext   : Refreshing org.springframework.web.context.support.GenericWebApplicationContext@c20be82
2024-11-14T11:51:16.836-03:00 DEBUG 13764 --- [usuarios] [           main] o.s.b.f.s.DefaultListableBeanFactory     : Creating shared instance of singleton bean 'org.springframework.context.annotation.internalConfigurationAnnotationProcessor'
2024-11-14T11:51:16.862-03:00 DEBUG 13764 --- [usuarios] [           main] o.s.b.f.s.DefaultListableBeanFactory     : Creating shared instance of singleton bean 'org.springframework.boot.autoconfigure.internalCachingMetadataReaderFactory'
2024-11-14T11:51:16.910-03:00 DEBUG 13764 --- [usuarios] [           main] o.s.c.a.ClassPathBeanDefinitionScanner   : Identified candidate component class: file [C:\SeguridadCalidad\Semana3\Entrega\usuarios-main\target\classes\com\microrecetas\usuarios\config\PasswordEncoderConfig.class]
2024-11-14T11:51:16.925-03:00 DEBUG 13764 --- [usuarios] [           main] o.s.c.a.ClassPathBeanDefinitionScanner   : Identified candidate component class: file [C:\SeguridadCalidad\Semana3\Entrega\usuarios-main\target\classes\com\microrecetas\usuarios\controller\RecetasController.class]
2024-11-14T11:51:16.929-03:00 DEBUG 13764 --- [usuarios] [           main] o.s.c.a.ClassPathBeanDefinitionScanner   : Identified candidate component class: file [C:\SeguridadCalidad\Semana3\Entrega\usuarios-main\target\classes\com\microrecetas\usuarios\controller\UserController.class]
2024-11-14T11:51:16.930-03:00 DEBUG 13764 --- [usuarios] [           main] o.s.c.a.ClassPathBeanDefinitionScanner   : Identified candidate component class: file [C:\SeguridadCalidad\Semana3\Entrega\usuarios-main\target\classes\com\microrecetas\usuarios\jwt\JWTAuthorizationFilter.class]
2024-11-14T11:51:16.931-03:00 DEBUG 13764 --- [usuarios] [           main] o.s.c.a.ClassPathBeanDefinitionScanner   : Identified candidate component class: file [C:\SeguridadCalidad\Semana3\Entrega\usuarios-main\target\classes\com\microrecetas\usuarios\jwt\JWTAuthtenticationConfig.class]
2024-11-14T11:51:16.941-03:00 DEBUG 13764 --- [usuarios] [           main] o.s.c.a.ClassPathBeanDefinitionScanner   : Identified candidate component class: file [C:\SeguridadCalidad\Semana3\Entrega\usuarios-main\target\classes\com\microrecetas\usuarios\jwt\WebSecurityConfig.class]
2024-11-14T11:51:16.948-03:00 DEBUG 13764 --- [usuarios] [           main] o.s.c.a.ClassPathBeanDefinitionScanner   : Ignored because not a concrete top-level class: file [C:\SeguridadCalidad\Semana3\Entrega\usuarios-main\target\classes\com\microrecetas\usuarios\repository\RecetaRepository.class]
2024-11-14T11:51:16.951-03:00 DEBUG 13764 --- [usuarios] [           main] o.s.c.a.ClassPathBeanDefinitionScanner   : Identified candidate component class: file [C:\SeguridadCalidad\Semana3\Entrega\usuarios-main\target\classes\com\microrecetas\usuarios\service\CustomUserDetailsService.class]
2024-11-14T11:51:16.952-03:00 DEBUG 13764 --- [usuarios] [           main] o.s.c.a.ClassPathBeanDefinitionScanner   : Identified candidate component class: file [C:\SeguridadCalidad\Semana3\Entrega\usuarios-main\target\classes\com\microrecetas\usuarios\service\RecetaService.class]
2024-11-14T11:51:16.953-03:00 DEBUG 13764 --- [usuarios] [           main] o.s.c.a.ClassPathBeanDefinitionScanner   : Identified candidate component class: file [C:\SeguridadCalidad\Semana3\Entrega\usuarios-main\target\classes\com\microrecetas\usuarios\service\UserService.class]
2024-11-14T11:51:18.452-03:00  INFO 13764 --- [usuarios] [           main] .s.d.r.c.RepositoryConfigurationDelegate : Bootstrapping Spring Data JPA repositories in DEFAULT mode.
2024-11-14T11:51:18.474-03:00 DEBUG 13764 --- [usuarios] [           main] o.s.b.f.s.DefaultListableBeanFactory     : Creating shared instance of singleton bean 'org.springframework.boot.autoconfigure.AutoConfigurationPackages'
2024-11-14T11:51:18.488-03:00 DEBUG 13764 --- [usuarios] [           main] o.s.b.a.AutoConfigurationPackages        : @EnableAutoConfiguration was declared on a class in the package 'com.microrecetas.usuarios'. Automatic @Repository and @Entity scanning is enabled.
2024-11-14T11:51:18.493-03:00 DEBUG 13764 --- [usuarios] [           main] .s.d.r.c.RepositoryConfigurationDelegate : Scanning for JPA repositories in packages com.microrecetas.usuarios.
2024-11-14T11:51:18.513-03:00 DEBUG 13764 --- [usuarios] [           main] o.s.d.r.c.RepositoryComponentProvider    : Identified candidate component class: file [C:\SeguridadCalidad\Semana3\Entrega\usuarios-main\target\classes\com\microrecetas\usuarios\repository\RecetaRepository.class]
2024-11-14T11:51:18.513-03:00 DEBUG 13764 --- [usuarios] [           main] o.s.d.r.c.RepositoryComponentProvider    : Identified candidate component class: file [C:\SeguridadCalidad\Semana3\Entrega\usuarios-main\target\classes\com\microrecetas\usuarios\repository\UserRepository.class]
2024-11-14T11:51:18.586-03:00  INFO 13764 --- [usuarios] [           main] .s.d.r.c.RepositoryConfigurationDelegate : Finished Spring Data repository scanning in 92 ms. Found 2 JPA repository interfaces.
2024-11-14T11:51:18.827-03:00 DEBUG 13764 --- [usuarios] [           main] o.s.b.f.s.DefaultListableBeanFactory     : Creating shared instance of singleton bean 'springSecurityHandlerMappingIntrospectorBeanDefinitionRegistryPostProcessor'
2024-11-14T11:51:18.967-03:00 DEBUG 13764 --- [usuarios] [           main] o.s.b.f.s.DefaultListableBeanFactory     : Creating shared instance of singleton bean 'propertySourcesPlaceholderConfigurer'
2024-11-14T11:51:18.974-03:00 DEBUG 13764 --- [usuarios] [           main] o.s.b.f.s.DefaultListableBeanFactory     : Creating shared instance of singleton bean 'org.springframework.boot.test.mock.mockito.MockitoPostProcessor'
2024-11-14T11:51:18.975-03:00 DEBUG 13764 --- [usuarios] [           main] o.s.b.f.s.DefaultListableBeanFactory     : Creating shared instance of singleton bean 'emBeanDefinitionRegistrarPostProcessor'
2024-11-14T11:51:18.975-03:00 DEBUG 13764 --- [usuarios] [           main] o.s.b.f.s.DefaultListableBeanFactory     : Creating shared instance of singleton bean 'org.springframework.boot.sql.init.dependency.DatabaseInitializationDependencyConfigurer$DependsOnDatabaseInitializationPostProcessor'
2024-11-14T11:51:19.039-03:00 DEBUG 13764 --- [usuarios] [           main] o.s.b.f.s.DefaultListableBeanFactory     : Creating shared instance of singleton bean 'org.springframework.context.event.internalEventListenerProcessor'
2024-11-14T11:51:19.041-03:00 DEBUG 13764 --- [usuarios] [           main] o.s.b.f.s.DefaultListableBeanFactory     : Creating shared instance of singleton bean 'conversionServicePostProcessor'
2024-11-14T11:51:19.050-03:00 DEBUG 13764 --- [usuarios] [           main] o.s.b.f.s.DefaultListableBeanFactory     : Creating shared instance of singleton bean 'preserveErrorControllerTargetClassPostProcessor'
2024-11-14T11:51:19.051-03:00 DEBUG 13764 --- [usuarios] [           main] o.s.b.f.s.DefaultListableBeanFactory     : Creating shared instance of singleton bean 'org.springframework.context.event.internalEventListenerFactory'
2024-11-14T11:51:19.051-03:00 DEBUG 13764 --- [usuarios] [           main] o.s.b.f.s.DefaultListableBeanFactory     : Creating shared instance of singleton bean 'org.springframework.transaction.config.internalTransactionalEventListenerFactory'
2024-11-14T11:51:19.056-03:00 DEBUG 13764 --- [usuarios] [           main] o.s.b.f.s.DefaultListableBeanFactory     : Creating shared instance of singleton bean 'org.springframework.boot.test.mock.mockito.MockitoPostProcessor$SpyPostProcessor'
2024-11-14T11:51:19.058-03:00 DEBUG 13764 --- [usuarios] [           main] o.s.b.f.s.DefaultListableBeanFactory     : Creating shared instance of singleton bean 'org.springframework.context.annotation.internalAutowiredAnnotationProcessor'
2024-11-14T11:51:19.060-03:00 DEBUG 13764 --- [usuarios] [           main] o.s.b.f.s.DefaultListableBeanFactory     : Creating shared instance of singleton bean 'org.springframework.context.annotation.internalCommonAnnotationProcessor'
2024-11-14T11:51:19.067-03:00 DEBUG 13764 --- [usuarios] [           main] o.s.b.f.s.DefaultListableBeanFactory     : Creating shared instance of singleton bean 'org.springframework.context.annotation.internalPersistenceAnnotationProcessor'
2024-11-14T11:51:19.067-03:00 DEBUG 13764 --- [usuarios] [           main] o.s.b.f.s.DefaultListableBeanFactory     : Creating shared instance of singleton bean 'org.springframework.boot.context.properties.ConfigurationPropertiesBindingPostProcessor'
2024-11-14T11:51:19.068-03:00 DEBUG 13764 --- [usuarios] [           main] o.s.b.f.s.DefaultListableBeanFactory     : Creating shared instance of singleton bean 'org.springframework.boot.context.internalConfigurationPropertiesBinder'
2024-11-14T11:51:19.072-03:00 DEBUG 13764 --- [usuarios] [           main] o.s.b.f.s.DefaultListableBeanFactory     : Creating shared instance of singleton bean 'jdbcConnectionDetailsHikariBeanPostProcessor'
2024-11-14T11:51:19.079-03:00 DEBUG 13764 --- [usuarios] [           main] o.s.b.f.s.DefaultListableBeanFactory     : Creating shared instance of singleton bean 'org.springframework.aop.config.internalAutoProxyCreator'
2024-11-14T11:51:19.124-03:00 DEBUG 13764 --- [usuarios] [           main] o.s.b.f.s.DefaultListableBeanFactory     : Creating shared instance of singleton bean 'persistenceExceptionTranslationPostProcessor'
2024-11-14T11:51:19.146-03:00 DEBUG 13764 --- [usuarios] [           main] o.s.b.f.s.DefaultListableBeanFactory     : Autowiring by type from bean name 'persistenceExceptionTranslationPostProcessor' via factory method to bean named 'environment'
2024-11-14T11:51:19.166-03:00 DEBUG 13764 --- [usuarios] [           main] o.s.b.f.s.DefaultListableBeanFactory     : Creating shared instance of singleton bean 'webServerFactoryCustomizerBeanPostProcessor'
2024-11-14T11:51:19.168-03:00 DEBUG 13764 --- [usuarios] [           main] o.s.b.f.s.DefaultListableBeanFactory     : Creating shared instance of singleton bean 'errorPageRegistrarBeanPostProcessor'
2024-11-14T11:51:19.168-03:00 DEBUG 13764 --- [usuarios] [           main] o.s.b.f.s.DefaultListableBeanFactory     : Creating shared instance of singleton bean 'projectingArgumentResolverBeanPostProcessor'
2024-11-14T11:51:19.170-03:00 DEBUG 13764 --- [usuarios] [           main] o.s.b.f.s.DefaultListableBeanFactory     : Creating shared instance of singleton bean 'org.springframework.transaction.config.internalTransactionAdvisor'
2024-11-14T11:51:19.170-03:00 DEBUG 13764 --- [usuarios] [           main] o.s.b.f.s.DefaultListableBeanFactory     : Creating shared instance of singleton bean 'org.springframework.transaction.annotation.ProxyTransactionManagementConfiguration'
2024-11-14T11:51:19.190-03:00 DEBUG 13764 --- [usuarios] [           main] o.s.b.f.s.DefaultListableBeanFactory     : Creating shared instance of singleton bean 'transactionAttributeSource'
2024-11-14T11:51:19.192-03:00 DEBUG 13764 --- [usuarios] [           main] o.s.b.f.s.DefaultListableBeanFactory     : Creating shared instance of singleton bean 'transactionInterceptor'
2024-11-14T11:51:19.193-03:00 DEBUG 13764 --- [usuarios] [           main] o.s.b.f.s.DefaultListableBeanFactory     : Autowiring by type from bean name 'transactionInterceptor' via factory method to bean named 'transactionAttributeSource'
2024-11-14T11:51:19.207-03:00 DEBUG 13764 --- [usuarios] [           main] o.s.b.f.s.DefaultListableBeanFactory     : Autowiring by type from bean name 'org.springframework.transaction.config.internalTransactionAdvisor' via factory method to bean named 'transactionAttributeSource'
2024-11-14T11:51:19.207-03:00 DEBUG 13764 --- [usuarios] [           main] o.s.b.f.s.DefaultListableBeanFactory     : Autowiring by type from bean name 'org.springframework.transaction.config.internalTransactionAdvisor' via factory method to bean named 'transactionInterceptor'
2024-11-14T11:51:19.277-03:00 DEBUG 13764 --- [usuarios] [           main] o.s.u.c.s.UiApplicationContextUtils      : Unable to locate ThemeSource with name 'themeSource': using default [org.springframework.ui.context.support.ResourceBundleThemeSource@1b482cbf]
2024-11-14T11:51:19.279-03:00 DEBUG 13764 --- [usuarios] [           main] o.s.b.f.s.DefaultListableBeanFactory     : Creating shared instance of singleton bean 'dataSourceScriptDatabaseInitializer'
2024-11-14T11:51:19.279-03:00 DEBUG 13764 --- [usuarios] [           main] o.s.b.f.s.DefaultListableBeanFactory     : Creating shared instance of singleton bean 'org.springframework.boot.autoconfigure.sql.init.DataSourceInitializationConfiguration'
2024-11-14T11:51:19.281-03:00 DEBUG 13764 --- [usuarios] [           main] o.s.b.f.s.DefaultListableBeanFactory     : Creating shared instance of singleton bean 'dataSource'
2024-11-14T11:51:19.281-03:00 DEBUG 13764 --- [usuarios] [           main] o.s.b.f.s.DefaultListableBeanFactory     : Creating shared instance of singleton bean 'org.springframework.boot.autoconfigure.jdbc.DataSourceConfiguration$Hikari'
2024-11-14T11:51:19.282-03:00 DEBUG 13764 --- [usuarios] [           main] o.s.b.f.s.DefaultListableBeanFactory     : Creating shared instance of singleton bean 'spring.datasource-org.springframework.boot.autoconfigure.jdbc.DataSourceProperties'
2024-11-14T11:51:19.284-03:00 DEBUG 13764 --- [usuarios] [           main] o.s.b.f.s.DefaultListableBeanFactory     : Creating shared instance of singleton bean 'org.springframework.boot.context.properties.BoundConfigurationProperties'
2024-11-14T11:51:19.315-03:00 DEBUG 13764 --- [usuarios] [           main] o.s.b.f.s.DefaultListableBeanFactory     : Creating shared instance of singleton bean 'jdbcConnectionDetails'
2024-11-14T11:51:19.315-03:00 DEBUG 13764 --- [usuarios] [           main] o.s.b.f.s.DefaultListableBeanFactory     : Creating shared instance of singleton bean 'org.springframework.boot.autoconfigure.jdbc.DataSourceAutoConfiguration$PooledDataSourceConfiguration'
2024-11-14T11:51:19.317-03:00 DEBUG 13764 --- [usuarios] [           main] o.s.b.f.s.DefaultListableBeanFactory     : Autowiring by type from bean name 'jdbcConnectionDetails' via factory method to bean named 'spring.datasource-org.springframework.boot.autoconfigure.jdbc.DataSourceProperties'
2024-11-14T11:51:19.318-03:00 DEBUG 13764 --- [usuarios] [           main] o.s.b.f.s.DefaultListableBeanFactory     : Autowiring by type from bean name 'dataSource' via factory method to bean named 'spring.datasource-org.springframework.boot.autoconfigure.jdbc.DataSourceProperties'
2024-11-14T11:51:19.318-03:00 DEBUG 13764 --- [usuarios] [           main] o.s.b.f.s.DefaultListableBeanFactory     : Autowiring by type from bean name 'dataSource' via factory method to bean named 'jdbcConnectionDetails'
2024-11-14T11:51:19.613-03:00 DEBUG 13764 --- [usuarios] [           main] o.s.b.f.s.DefaultListableBeanFactory     : Creating shared instance of singleton bean 'spring.sql.init-org.springframework.boot.autoconfigure.sql.init.SqlInitializationProperties'
2024-11-14T11:51:19.621-03:00 DEBUG 13764 --- [usuarios] [           main] o.s.b.f.s.DefaultListableBeanFactory     : Autowiring by type from bean name 'dataSourceScriptDatabaseInitializer' via factory method to bean named 'dataSource'
2024-11-14T11:51:19.621-03:00 DEBUG 13764 --- [usuarios] [           main] o.s.b.f.s.DefaultListableBeanFactory     : Autowiring by type from bean name 'dataSourceScriptDatabaseInitializer' via factory method to bean named 'spring.sql.init-org.springframework.boot.autoconfigure.sql.init.SqlInitializationProperties'
2024-11-14T11:51:19.628-03:00 DEBUG 13764 --- [usuarios] [           main] o.s.b.f.s.DefaultListableBeanFactory     : Creating shared instance of singleton bean 'entityManagerFactory'
2024-11-14T11:51:19.629-03:00 DEBUG 13764 --- [usuarios] [           main] o.s.b.f.s.DefaultListableBeanFactory     : Creating shared instance of singleton bean 'org.springframework.boot.autoconfigure.orm.jpa.HibernateJpaConfiguration'
2024-11-14T11:51:19.634-03:00 DEBUG 13764 --- [usuarios] [           main] o.s.b.f.s.DefaultListableBeanFactory     : Creating shared instance of singleton bean 'spring.jpa-org.springframework.boot.autoconfigure.orm.jpa.JpaProperties'
2024-11-14T11:51:19.642-03:00 DEBUG 13764 --- [usuarios] [           main] o.s.b.f.s.DefaultListableBeanFactory     : Creating shared instance of singleton bean 'spring.jpa.hibernate-org.springframework.boot.autoconfigure.orm.jpa.HibernateProperties'
2024-11-14T11:51:19.647-03:00 DEBUG 13764 --- [usuarios] [           main] o.s.b.f.s.DefaultListableBeanFactory     : Autowiring by type from bean name 'org.springframework.boot.autoconfigure.orm.jpa.HibernateJpaConfiguration' via constructor to bean named 'dataSource'
2024-11-14T11:51:19.648-03:00 DEBUG 13764 --- [usuarios] [           main] o.s.b.f.s.DefaultListableBeanFactory     : Autowiring by type from bean name 'org.springframework.boot.autoconfigure.orm.jpa.HibernateJpaConfiguration' via constructor to bean named 'spring.jpa-org.springframework.boot.autoconfigure.orm.jpa.JpaProperties'
2024-11-14T11:51:19.648-03:00 DEBUG 13764 --- [usuarios] [           main] o.s.b.f.s.DefaultListableBeanFactory     : Autowiring by type from bean name 'org.springframework.boot.autoconfigure.orm.jpa.HibernateJpaConfiguration' via constructor to bean named 'org.springframework.beans.factory.support.DefaultListableBeanFactory@27abb83e'
2024-11-14T11:51:19.648-03:00 DEBUG 13764 --- [usuarios] [           main] o.s.b.f.s.DefaultListableBeanFactory     : Autowiring by type from bean name 'org.springframework.boot.autoconfigure.orm.jpa.HibernateJpaConfiguration' via constructor to bean named 'spring.jpa.hibernate-org.springframework.boot.autoconfigure.orm.jpa.HibernateProperties'
2024-11-14T11:51:19.655-03:00 DEBUG 13764 --- [usuarios] [           main] o.s.b.f.s.DefaultListableBeanFactory     : Creating shared instance of singleton bean 'oracleUcpPoolDataSourceMetadataProvider'
2024-11-14T11:51:19.655-03:00 DEBUG 13764 --- [usuarios] [           main] o.s.b.f.s.DefaultListableBeanFactory     : Creating shared instance of singleton bean 'org.springframework.boot.autoconfigure.jdbc.metadata.DataSourcePoolMetadataProvidersConfiguration$OracleUcpPoolDataSourceMetadataProviderConfiguration'
2024-11-14T11:51:19.657-03:00 DEBUG 13764 --- [usuarios] [           main] o.s.b.f.s.DefaultListableBeanFactory     : Creating shared instance of singleton bean 'hikariPoolDataSourceMetadataProvider'
2024-11-14T11:51:19.657-03:00 DEBUG 13764 --- [usuarios] [           main] o.s.b.f.s.DefaultListableBeanFactory     : Creating shared instance of singleton bean 'org.springframework.boot.autoconfigure.jdbc.metadata.DataSourcePoolMetadataProvidersConfiguration$HikariPoolDataSourceMetadataProviderConfiguration'
2024-11-14T11:51:19.671-03:00 DEBUG 13764 --- [usuarios] [           main] o.s.b.f.s.DefaultListableBeanFactory     : Creating shared instance of singleton bean 'entityManagerFactoryBuilder'
2024-11-14T11:51:19.674-03:00 DEBUG 13764 --- [usuarios] [           main] o.s.b.f.s.DefaultListableBeanFactory     : Creating shared instance of singleton bean 'jpaVendorAdapter'
2024-11-14T11:51:19.726-03:00 DEBUG 13764 --- [usuarios] [           main] o.s.b.f.s.DefaultListableBeanFactory     : Autowiring by type from bean name 'entityManagerFactoryBuilder' via factory method to bean named 'jpaVendorAdapter'
2024-11-14T11:51:19.735-03:00 DEBUG 13764 --- [usuarios] [           main] o.s.b.f.s.DefaultListableBeanFactory     : Creating shared instance of singleton bean 'persistenceManagedTypes'
2024-11-14T11:51:19.738-03:00 DEBUG 13764 --- [usuarios] [           main] o.s.b.f.s.DefaultListableBeanFactory     : Autowiring by type from bean name 'persistenceManagedTypes' via factory method to bean named 'org.springframework.beans.factory.support.DefaultListableBeanFactory@27abb83e'
2024-11-14T11:51:19.738-03:00 DEBUG 13764 --- [usuarios] [           main] o.s.b.f.s.DefaultListableBeanFactory     : Autowiring by type from bean name 'persistenceManagedTypes' via factory method to bean named 'org.springframework.web.context.support.GenericWebApplicationContext@c20be82'
2024-11-14T11:51:19.756-03:00 DEBUG 13764 --- [usuarios] [           main] o.s.b.f.s.DefaultListableBeanFactory     : Autowiring by type from bean name 'entityManagerFactory' via factory method to bean named 'entityManagerFactoryBuilder'
2024-11-14T11:51:19.757-03:00 DEBUG 13764 --- [usuarios] [           main] o.s.b.f.s.DefaultListableBeanFactory     : Autowiring by type from bean name 'entityManagerFactory' via factory method to bean named 'persistenceManagedTypes'
2024-11-14T11:51:19.815-03:00 DEBUG 13764 --- [usuarios] [           main] j.LocalContainerEntityManagerFactoryBean : Building JPA container EntityManagerFactory for persistence unit 'default'
2024-11-14T11:51:19.856-03:00 DEBUG 13764 --- [usuarios] [           main] o.hibernate.jpa.internal.util.LogHelper  : PersistenceUnitInfo [
	name: default
	persistence provider classname: null
	classloader: jdk.internal.loader.ClassLoaders$AppClassLoader@70dea4e
	excludeUnlistedClasses: true
	JTA datasource: null
	Non JTA datasource: HikariDataSource (null)
	Transaction type: RESOURCE_LOCAL
	PU root URL: file:/C:/SeguridadCalidad/Semana3/Entrega/usuarios-main/target/test-classes/
	Shared Cache Mode: UNSPECIFIED
	Validation Mode: AUTO
	Jar files URLs []
	Managed classes names [
		com.microrecetas.usuarios.model.Receta
		com.microrecetas.usuarios.model.User]
	Mapping files names []
	Properties []
2024-11-14T11:51:19.881-03:00 DEBUG 13764 --- [usuarios] [           main] o.h.i.internal.IntegratorServiceImpl     : Adding Integrator [org.hibernate.boot.beanvalidation.BeanValidationIntegrator].
2024-11-14T11:51:19.885-03:00 DEBUG 13764 --- [usuarios] [           main] o.h.i.internal.IntegratorServiceImpl     : Adding Integrator [org.hibernate.cache.internal.CollectionCacheInvalidator].
2024-11-14T11:51:20.169-03:00  INFO 13764 --- [usuarios] [           main] org.hibernate.Version                    : HHH000412: Hibernate ORM core version 6.5.3.Final
2024-11-14T11:51:20.171-03:00 DEBUG 13764 --- [usuarios] [           main] org.hibernate.cfg.Environment            : HHH000206: 'hibernate.properties' not found
2024-11-14T11:51:20.235-03:00 DEBUG 13764 --- [usuarios] [           main] org.hibernate.orm.idgen.factory          : Registering IdentifierGenerator strategy [uuid2] -> [org.hibernate.id.UUIDGenerator]
2024-11-14T11:51:20.239-03:00 DEBUG 13764 --- [usuarios] [           main] org.hibernate.orm.idgen.factory          : Registering IdentifierGenerator strategy [guid] -> [org.hibernate.id.GUIDGenerator]
2024-11-14T11:51:20.244-03:00 DEBUG 13764 --- [usuarios] [           main] org.hibernate.orm.idgen.factory          : Registering IdentifierGenerator strategy [uuid] -> [org.hibernate.id.UUIDHexGenerator]
2024-11-14T11:51:20.244-03:00 DEBUG 13764 --- [usuarios] [           main] org.hibernate.orm.idgen.factory          : Registering IdentifierGenerator strategy [uuid.hex] -> [org.hibernate.id.UUIDHexGenerator]
2024-11-14T11:51:20.244-03:00 DEBUG 13764 --- [usuarios] [           main] org.hibernate.orm.idgen.factory          : Registering IdentifierGenerator strategy [assigned] -> [org.hibernate.id.Assigned]
2024-11-14T11:51:20.248-03:00 DEBUG 13764 --- [usuarios] [           main] org.hibernate.orm.idgen.factory          : Registering IdentifierGenerator strategy [identity] -> [org.hibernate.id.IdentityGenerator]
2024-11-14T11:51:20.249-03:00 DEBUG 13764 --- [usuarios] [           main] org.hibernate.orm.idgen.factory          : Registering IdentifierGenerator strategy [select] -> [org.hibernate.id.SelectGenerator]
2024-11-14T11:51:20.250-03:00 DEBUG 13764 --- [usuarios] [           main] org.hibernate.orm.idgen.factory          : Registering IdentifierGenerator strategy [sequence] -> [org.hibernate.id.enhanced.SequenceStyleGenerator]
2024-11-14T11:51:20.251-03:00 DEBUG 13764 --- [usuarios] [           main] org.hibernate.orm.idgen.factory          : Registering IdentifierGenerator strategy [increment] -> [org.hibernate.id.IncrementGenerator]
2024-11-14T11:51:20.251-03:00 DEBUG 13764 --- [usuarios] [           main] org.hibernate.orm.idgen.factory          : Registering IdentifierGenerator strategy [foreign] -> [org.hibernate.id.ForeignGenerator]
2024-11-14T11:51:20.251-03:00 DEBUG 13764 --- [usuarios] [           main] org.hibernate.orm.idgen.factory          : Registering IdentifierGenerator strategy [enhanced-sequence] -> [org.hibernate.id.enhanced.SequenceStyleGenerator]
2024-11-14T11:51:20.252-03:00 DEBUG 13764 --- [usuarios] [           main] org.hibernate.orm.idgen.factory          : Registering IdentifierGenerator strategy [enhanced-table] -> [org.hibernate.id.enhanced.TableGenerator]
2024-11-14T11:51:20.287-03:00 DEBUG 13764 --- [usuarios] [           main] o.h.c.internal.RegionFactoryInitiator    : Cannot default RegionFactory based on registered strategies as `[]` RegionFactory strategies were registered
2024-11-14T11:51:20.297-03:00  INFO 13764 --- [usuarios] [           main] o.h.c.internal.RegionFactoryInitiator    : HHH000026: Second-level cache disabled
2024-11-14T11:51:20.611-03:00 DEBUG 13764 --- [usuarios] [           main] org.hibernate.type.BasicTypeRegistry     : Adding type registration boolean -> org.hibernate.type.BasicTypeReference@1bee0085
2024-11-14T11:51:20.611-03:00 DEBUG 13764 --- [usuarios] [           main] org.hibernate.type.BasicTypeRegistry     : Adding type registration boolean -> org.hibernate.type.BasicTypeReference@1bee0085
2024-11-14T11:51:20.611-03:00 DEBUG 13764 --- [usuarios] [           main] org.hibernate.type.BasicTypeRegistry     : Adding type registration java.lang.Boolean -> org.hibernate.type.BasicTypeReference@1bee0085
2024-11-14T11:51:20.612-03:00 DEBUG 13764 --- [usuarios] [           main] org.hibernate.type.BasicTypeRegistry     : Adding type registration numeric_boolean -> org.hibernate.type.BasicTypeReference@16e1219f
2024-11-14T11:51:20.612-03:00 DEBUG 13764 --- [usuarios] [           main] org.hibernate.type.BasicTypeRegistry     : Adding type registration org.hibernate.type.NumericBooleanConverter -> org.hibernate.type.BasicTypeReference@16e1219f
2024-11-14T11:51:20.612-03:00 DEBUG 13764 --- [usuarios] [           main] org.hibernate.type.BasicTypeRegistry     : Adding type registration true_false -> org.hibernate.type.BasicTypeReference@13f40d71
2024-11-14T11:51:20.612-03:00 DEBUG 13764 --- [usuarios] [           main] org.hibernate.type.BasicTypeRegistry     : Adding type registration org.hibernate.type.TrueFalseConverter -> org.hibernate.type.BasicTypeReference@13f40d71
2024-11-14T11:51:20.612-03:00 DEBUG 13764 --- [usuarios] [           main] org.hibernate.type.BasicTypeRegistry     : Adding type registration yes_no -> org.hibernate.type.BasicTypeReference@73a845cb
2024-11-14T11:51:20.612-03:00 DEBUG 13764 --- [usuarios] [           main] org.hibernate.type.BasicTypeRegistry     : Adding type registration org.hibernate.type.YesNoConverter -> org.hibernate.type.BasicTypeReference@73a845cb
2024-11-14T11:51:20.612-03:00 DEBUG 13764 --- [usuarios] [           main] org.hibernate.type.BasicTypeRegistry     : Adding type registration byte -> org.hibernate.type.BasicTypeReference@18a98913
2024-11-14T11:51:20.612-03:00 DEBUG 13764 --- [usuarios] [           main] org.hibernate.type.BasicTypeRegistry     : Adding type registration byte -> org.hibernate.type.BasicTypeReference@18a98913
2024-11-14T11:51:20.612-03:00 DEBUG 13764 --- [usuarios] [           main] org.hibernate.type.BasicTypeRegistry     : Adding type registration java.lang.Byte -> org.hibernate.type.BasicTypeReference@18a98913
2024-11-14T11:51:20.613-03:00 DEBUG 13764 --- [usuarios] [           main] org.hibernate.type.BasicTypeRegistry     : Adding type registration binary -> org.hibernate.type.BasicTypeReference@7dbae40
2024-11-14T11:51:20.613-03:00 DEBUG 13764 --- [usuarios] [           main] org.hibernate.type.BasicTypeRegistry     : Adding type registration byte[] -> org.hibernate.type.BasicTypeReference@7dbae40
2024-11-14T11:51:20.613-03:00 DEBUG 13764 --- [usuarios] [           main] org.hibernate.type.BasicTypeRegistry     : Adding type registration [B -> org.hibernate.type.BasicTypeReference@7dbae40
2024-11-14T11:51:20.613-03:00 DEBUG 13764 --- [usuarios] [           main] org.hibernate.type.BasicTypeRegistry     : Adding type registration binary_wrapper -> org.hibernate.type.BasicTypeReference@34f7b44f
2024-11-14T11:51:20.613-03:00 DEBUG 13764 --- [usuarios] [           main] org.hibernate.type.BasicTypeRegistry     : Adding type registration wrapper-binary -> org.hibernate.type.BasicTypeReference@34f7b44f
2024-11-14T11:51:20.613-03:00 DEBUG 13764 --- [usuarios] [           main] org.hibernate.type.BasicTypeRegistry     : Adding type registration image -> org.hibernate.type.BasicTypeReference@5403907
2024-11-14T11:51:20.613-03:00 DEBUG 13764 --- [usuarios] [           main] org.hibernate.type.BasicTypeRegistry     : Adding type registration blob -> org.hibernate.type.BasicTypeReference@5175d9ad
2024-11-14T11:51:20.614-03:00 DEBUG 13764 --- [usuarios] [           main] org.hibernate.type.BasicTypeRegistry     : Adding type registration java.sql.Blob -> org.hibernate.type.BasicTypeReference@5175d9ad
2024-11-14T11:51:20.614-03:00 DEBUG 13764 --- [usuarios] [           main] org.hibernate.type.BasicTypeRegistry     : Adding type registration materialized_blob -> org.hibernate.type.BasicTypeReference@b06d46d
2024-11-14T11:51:20.614-03:00 DEBUG 13764 --- [usuarios] [           main] org.hibernate.type.BasicTypeRegistry     : Adding type registration materialized_blob_wrapper -> org.hibernate.type.BasicTypeReference@25a5c8e
2024-11-14T11:51:20.614-03:00 DEBUG 13764 --- [usuarios] [           main] org.hibernate.type.BasicTypeRegistry     : Adding type registration short -> org.hibernate.type.BasicTypeReference@656c5c3
2024-11-14T11:51:20.614-03:00 DEBUG 13764 --- [usuarios] [           main] org.hibernate.type.BasicTypeRegistry     : Adding type registration short -> org.hibernate.type.BasicTypeReference@656c5c3
2024-11-14T11:51:20.614-03:00 DEBUG 13764 --- [usuarios] [           main] org.hibernate.type.BasicTypeRegistry     : Adding type registration java.lang.Short -> org.hibernate.type.BasicTypeReference@656c5c3
2024-11-14T11:51:20.614-03:00 DEBUG 13764 --- [usuarios] [           main] org.hibernate.type.BasicTypeRegistry     : Adding type registration integer -> org.hibernate.type.BasicTypeReference@7911cc15
2024-11-14T11:51:20.614-03:00 DEBUG 13764 --- [usuarios] [           main] org.hibernate.type.BasicTypeRegistry     : Adding type registration int -> org.hibernate.type.BasicTypeReference@7911cc15
2024-11-14T11:51:20.614-03:00 DEBUG 13764 --- [usuarios] [           main] org.hibernate.type.BasicTypeRegistry     : Adding type registration java.lang.Integer -> org.hibernate.type.BasicTypeReference@7911cc15
2024-11-14T11:51:20.614-03:00 DEBUG 13764 --- [usuarios] [           main] org.hibernate.type.BasicTypeRegistry     : Adding type registration long -> org.hibernate.type.BasicTypeReference@4409cae6
2024-11-14T11:51:20.614-03:00 DEBUG 13764 --- [usuarios] [           main] org.hibernate.type.BasicTypeRegistry     : Adding type registration long -> org.hibernate.type.BasicTypeReference@4409cae6
2024-11-14T11:51:20.615-03:00 DEBUG 13764 --- [usuarios] [           main] org.hibernate.type.BasicTypeRegistry     : Adding type registration java.lang.Long -> org.hibernate.type.BasicTypeReference@4409cae6
2024-11-14T11:51:20.615-03:00 DEBUG 13764 --- [usuarios] [           main] org.hibernate.type.BasicTypeRegistry     : Adding type registration float -> org.hibernate.type.BasicTypeReference@14e750c5
2024-11-14T11:51:20.615-03:00 DEBUG 13764 --- [usuarios] [           main] org.hibernate.type.BasicTypeRegistry     : Adding type registration float -> org.hibernate.type.BasicTypeReference@14e750c5
2024-11-14T11:51:20.615-03:00 DEBUG 13764 --- [usuarios] [           main] org.hibernate.type.BasicTypeRegistry     : Adding type registration java.lang.Float -> org.hibernate.type.BasicTypeReference@14e750c5
2024-11-14T11:51:20.615-03:00 DEBUG 13764 --- [usuarios] [           main] org.hibernate.type.BasicTypeRegistry     : Adding type registration double -> org.hibernate.type.BasicTypeReference@242ff747
2024-11-14T11:51:20.615-03:00 DEBUG 13764 --- [usuarios] [           main] org.hibernate.type.BasicTypeRegistry     : Adding type registration double -> org.hibernate.type.BasicTypeReference@242ff747
2024-11-14T11:51:20.615-03:00 DEBUG 13764 --- [usuarios] [           main] org.hibernate.type.BasicTypeRegistry     : Adding type registration java.lang.Double -> org.hibernate.type.BasicTypeReference@242ff747
2024-11-14T11:51:20.615-03:00 DEBUG 13764 --- [usuarios] [           main] org.hibernate.type.BasicTypeRegistry     : Adding type registration big_integer -> org.hibernate.type.BasicTypeReference@5329f6b3
2024-11-14T11:51:20.615-03:00 DEBUG 13764 --- [usuarios] [           main] org.hibernate.type.BasicTypeRegistry     : Adding type registration java.math.BigInteger -> org.hibernate.type.BasicTypeReference@5329f6b3
2024-11-14T11:51:20.615-03:00 DEBUG 13764 --- [usuarios] [           main] org.hibernate.type.BasicTypeRegistry     : Adding type registration big_decimal -> org.hibernate.type.BasicTypeReference@597d48ca
2024-11-14T11:51:20.615-03:00 DEBUG 13764 --- [usuarios] [           main] org.hibernate.type.BasicTypeRegistry     : Adding type registration java.math.BigDecimal -> org.hibernate.type.BasicTypeReference@597d48ca
2024-11-14T11:51:20.616-03:00 DEBUG 13764 --- [usuarios] [           main] org.hibernate.type.BasicTypeRegistry     : Adding type registration character -> org.hibernate.type.BasicTypeReference@77324a58
2024-11-14T11:51:20.616-03:00 DEBUG 13764 --- [usuarios] [           main] org.hibernate.type.BasicTypeRegistry     : Adding type registration char -> org.hibernate.type.BasicTypeReference@77324a58
2024-11-14T11:51:20.616-03:00 DEBUG 13764 --- [usuarios] [           main] org.hibernate.type.BasicTypeRegistry     : Adding type registration java.lang.Character -> org.hibernate.type.BasicTypeReference@77324a58
2024-11-14T11:51:20.616-03:00 DEBUG 13764 --- [usuarios] [           main] org.hibernate.type.BasicTypeRegistry     : Adding type registration character_nchar -> org.hibernate.type.BasicTypeReference@2c7c0e36
2024-11-14T11:51:20.616-03:00 DEBUG 13764 --- [usuarios] [           main] org.hibernate.type.BasicTypeRegistry     : Adding type registration string -> org.hibernate.type.BasicTypeReference@307cf964
2024-11-14T11:51:20.616-03:00 DEBUG 13764 --- [usuarios] [           main] org.hibernate.type.BasicTypeRegistry     : Adding type registration java.lang.String -> org.hibernate.type.BasicTypeReference@307cf964
2024-11-14T11:51:20.616-03:00 DEBUG 13764 --- [usuarios] [           main] org.hibernate.type.BasicTypeRegistry     : Adding type registration nstring -> org.hibernate.type.BasicTypeReference@374ccb9
2024-11-14T11:51:20.616-03:00 DEBUG 13764 --- [usuarios] [           main] org.hibernate.type.BasicTypeRegistry     : Adding type registration characters -> org.hibernate.type.BasicTypeReference@66713605
2024-11-14T11:51:20.616-03:00 DEBUG 13764 --- [usuarios] [           main] org.hibernate.type.BasicTypeRegistry     : Adding type registration char[] -> org.hibernate.type.BasicTypeReference@66713605
2024-11-14T11:51:20.616-03:00 DEBUG 13764 --- [usuarios] [           main] org.hibernate.type.BasicTypeRegistry     : Adding type registration [C -> org.hibernate.type.BasicTypeReference@66713605
2024-11-14T11:51:20.617-03:00 DEBUG 13764 --- [usuarios] [           main] org.hibernate.type.BasicTypeRegistry     : Adding type registration wrapper-characters -> org.hibernate.type.BasicTypeReference@2ab09943
2024-11-14T11:51:20.617-03:00 DEBUG 13764 --- [usuarios] [           main] org.hibernate.type.BasicTypeRegistry     : Adding type registration text -> org.hibernate.type.BasicTypeReference@7d50f2a8
2024-11-14T11:51:20.617-03:00 DEBUG 13764 --- [usuarios] [           main] org.hibernate.type.BasicTypeRegistry     : Adding type registration ntext -> org.hibernate.type.BasicTypeReference@5864e8bf
2024-11-14T11:51:20.617-03:00 DEBUG 13764 --- [usuarios] [           main] org.hibernate.type.BasicTypeRegistry     : Adding type registration clob -> org.hibernate.type.BasicTypeReference@37ca3ca8
2024-11-14T11:51:20.617-03:00 DEBUG 13764 --- [usuarios] [           main] org.hibernate.type.BasicTypeRegistry     : Adding type registration java.sql.Clob -> org.hibernate.type.BasicTypeReference@37ca3ca8
2024-11-14T11:51:20.617-03:00 DEBUG 13764 --- [usuarios] [           main] org.hibernate.type.BasicTypeRegistry     : Adding type registration nclob -> org.hibernate.type.BasicTypeReference@191ec193
2024-11-14T11:51:20.617-03:00 DEBUG 13764 --- [usuarios] [           main] org.hibernate.type.BasicTypeRegistry     : Adding type registration java.sql.NClob -> org.hibernate.type.BasicTypeReference@191ec193
2024-11-14T11:51:20.617-03:00 DEBUG 13764 --- [usuarios] [           main] org.hibernate.type.BasicTypeRegistry     : Adding type registration materialized_clob -> org.hibernate.type.BasicTypeReference@6321a5aa
2024-11-14T11:51:20.617-03:00 DEBUG 13764 --- [usuarios] [           main] org.hibernate.type.BasicTypeRegistry     : Adding type registration materialized_clob_char_array -> org.hibernate.type.BasicTypeReference@1c7f9861
2024-11-14T11:51:20.617-03:00 DEBUG 13764 --- [usuarios] [           main] org.hibernate.type.BasicTypeRegistry     : Adding type registration materialized_clob_character_array -> org.hibernate.type.BasicTypeReference@7a36c83a
2024-11-14T11:51:20.618-03:00 DEBUG 13764 --- [usuarios] [           main] org.hibernate.type.BasicTypeRegistry     : Adding type registration materialized_nclob -> org.hibernate.type.BasicTypeReference@154b8cb6
2024-11-14T11:51:20.618-03:00 DEBUG 13764 --- [usuarios] [           main] org.hibernate.type.BasicTypeRegistry     : Adding type registration materialized_nclob_character_array -> org.hibernate.type.BasicTypeReference@7b297740
2024-11-14T11:51:20.618-03:00 DEBUG 13764 --- [usuarios] [           main] org.hibernate.type.BasicTypeRegistry     : Adding type registration materialized_nclob_char_array -> org.hibernate.type.BasicTypeReference@1b7554d4
2024-11-14T11:51:20.618-03:00 DEBUG 13764 --- [usuarios] [           main] org.hibernate.type.BasicTypeRegistry     : Adding type registration Duration -> org.hibernate.type.BasicTypeReference@57ce2898
2024-11-14T11:51:20.618-03:00 DEBUG 13764 --- [usuarios] [           main] org.hibernate.type.BasicTypeRegistry     : Adding type registration java.time.Duration -> org.hibernate.type.BasicTypeReference@57ce2898
2024-11-14T11:51:20.618-03:00 DEBUG 13764 --- [usuarios] [           main] org.hibernate.type.BasicTypeRegistry     : Adding type registration LocalDateTime -> org.hibernate.type.BasicTypeReference@1ea930eb
2024-11-14T11:51:20.618-03:00 DEBUG 13764 --- [usuarios] [           main] org.hibernate.type.BasicTypeRegistry     : Adding type registration java.time.LocalDateTime -> org.hibernate.type.BasicTypeReference@1ea930eb
2024-11-14T11:51:20.618-03:00 DEBUG 13764 --- [usuarios] [           main] org.hibernate.type.BasicTypeRegistry     : Adding type registration LocalDate -> org.hibernate.type.BasicTypeReference@2e0ad709
2024-11-14T11:51:20.618-03:00 DEBUG 13764 --- [usuarios] [           main] org.hibernate.type.BasicTypeRegistry     : Adding type registration java.time.LocalDate -> org.hibernate.type.BasicTypeReference@2e0ad709
2024-11-14T11:51:20.619-03:00 DEBUG 13764 --- [usuarios] [           main] org.hibernate.type.BasicTypeRegistry     : Adding type registration LocalTime -> org.hibernate.type.BasicTypeReference@1fe8f5e8
2024-11-14T11:51:20.619-03:00 DEBUG 13764 --- [usuarios] [           main] org.hibernate.type.BasicTypeRegistry     : Adding type registration java.time.LocalTime -> org.hibernate.type.BasicTypeReference@1fe8f5e8
2024-11-14T11:51:20.619-03:00 DEBUG 13764 --- [usuarios] [           main] org.hibernate.type.BasicTypeRegistry     : Adding type registration OffsetDateTime -> org.hibernate.type.BasicTypeReference@39449465
2024-11-14T11:51:20.619-03:00 DEBUG 13764 --- [usuarios] [           main] org.hibernate.type.BasicTypeRegistry     : Adding type registration java.time.OffsetDateTime -> org.hibernate.type.BasicTypeReference@39449465
2024-11-14T11:51:20.619-03:00 DEBUG 13764 --- [usuarios] [           main] org.hibernate.type.BasicTypeRegistry     : Adding type registration OffsetDateTimeWithTimezone -> org.hibernate.type.BasicTypeReference@6e3dd5ce
2024-11-14T11:51:20.619-03:00 DEBUG 13764 --- [usuarios] [           main] org.hibernate.type.BasicTypeRegistry     : Adding type registration OffsetDateTimeWithoutTimezone -> org.hibernate.type.BasicTypeReference@16f7f59f
2024-11-14T11:51:20.619-03:00 DEBUG 13764 --- [usuarios] [           main] org.hibernate.type.BasicTypeRegistry     : Adding type registration OffsetTime -> org.hibernate.type.BasicTypeReference@4ee8051c
2024-11-14T11:51:20.619-03:00 DEBUG 13764 --- [usuarios] [           main] org.hibernate.type.BasicTypeRegistry     : Adding type registration java.time.OffsetTime -> org.hibernate.type.BasicTypeReference@4ee8051c
2024-11-14T11:51:20.619-03:00 DEBUG 13764 --- [usuarios] [           main] org.hibernate.type.BasicTypeRegistry     : Adding type registration OffsetTimeUtc -> org.hibernate.type.BasicTypeReference@53125718
2024-11-14T11:51:20.619-03:00 DEBUG 13764 --- [usuarios] [           main] org.hibernate.type.BasicTypeRegistry     : Adding type registration OffsetTimeWithTimezone -> org.hibernate.type.BasicTypeReference@53016b11
2024-11-14T11:51:20.619-03:00 DEBUG 13764 --- [usuarios] [           main] org.hibernate.type.BasicTypeRegistry     : Adding type registration OffsetTimeWithoutTimezone -> org.hibernate.type.BasicTypeReference@7af327e3
2024-11-14T11:51:20.620-03:00 DEBUG 13764 --- [usuarios] [           main] org.hibernate.type.BasicTypeRegistry     : Adding type registration ZonedDateTime -> org.hibernate.type.BasicTypeReference@743d0d44
2024-11-14T11:51:20.620-03:00 DEBUG 13764 --- [usuarios] [           main] org.hibernate.type.BasicTypeRegistry     : Adding type registration java.time.ZonedDateTime -> org.hibernate.type.BasicTypeReference@743d0d44
2024-11-14T11:51:20.620-03:00 DEBUG 13764 --- [usuarios] [           main] org.hibernate.type.BasicTypeRegistry     : Adding type registration ZonedDateTimeWithTimezone -> org.hibernate.type.BasicTypeReference@35563e4c
2024-11-14T11:51:20.620-03:00 DEBUG 13764 --- [usuarios] [           main] org.hibernate.type.BasicTypeRegistry     : Adding type registration ZonedDateTimeWithoutTimezone -> org.hibernate.type.BasicTypeReference@6dd79214
2024-11-14T11:51:20.620-03:00 DEBUG 13764 --- [usuarios] [           main] org.hibernate.type.BasicTypeRegistry     : Adding type registration date -> org.hibernate.type.BasicTypeReference@ef86c72
2024-11-14T11:51:20.620-03:00 DEBUG 13764 --- [usuarios] [           main] org.hibernate.type.BasicTypeRegistry     : Adding type registration java.sql.Date -> org.hibernate.type.BasicTypeReference@ef86c72
2024-11-14T11:51:20.620-03:00 DEBUG 13764 --- [usuarios] [           main] org.hibernate.type.BasicTypeRegistry     : Adding type registration time -> org.hibernate.type.BasicTypeReference@123307c4
2024-11-14T11:51:20.620-03:00 DEBUG 13764 --- [usuarios] [           main] org.hibernate.type.BasicTypeRegistry     : Adding type registration java.sql.Time -> org.hibernate.type.BasicTypeReference@123307c4
2024-11-14T11:51:20.620-03:00 DEBUG 13764 --- [usuarios] [           main] org.hibernate.type.BasicTypeRegistry     : Adding type registration timestamp -> org.hibernate.type.BasicTypeReference@1693ff90
2024-11-14T11:51:20.620-03:00 DEBUG 13764 --- [usuarios] [           main] org.hibernate.type.BasicTypeRegistry     : Adding type registration java.sql.Timestamp -> org.hibernate.type.BasicTypeReference@1693ff90
2024-11-14T11:51:20.620-03:00 DEBUG 13764 --- [usuarios] [           main] org.hibernate.type.BasicTypeRegistry     : Adding type registration java.util.Date -> org.hibernate.type.BasicTypeReference@1693ff90
2024-11-14T11:51:20.620-03:00 DEBUG 13764 --- [usuarios] [           main] org.hibernate.type.BasicTypeRegistry     : Adding type registration calendar -> org.hibernate.type.BasicTypeReference@47058864
2024-11-14T11:51:20.620-03:00 DEBUG 13764 --- [usuarios] [           main] org.hibernate.type.BasicTypeRegistry     : Adding type registration java.util.Calendar -> org.hibernate.type.BasicTypeReference@47058864
2024-11-14T11:51:20.620-03:00 DEBUG 13764 --- [usuarios] [           main] org.hibernate.type.BasicTypeRegistry     : Adding type registration java.util.GregorianCalendar -> org.hibernate.type.BasicTypeReference@47058864
2024-11-14T11:51:20.620-03:00 DEBUG 13764 --- [usuarios] [           main] org.hibernate.type.BasicTypeRegistry     : Adding type registration calendar_date -> org.hibernate.type.BasicTypeReference@ad3f70a
2024-11-14T11:51:20.621-03:00 DEBUG 13764 --- [usuarios] [           main] org.hibernate.type.BasicTypeRegistry     : Adding type registration calendar_time -> org.hibernate.type.BasicTypeReference@54ccb3
2024-11-14T11:51:20.621-03:00 DEBUG 13764 --- [usuarios] [           main] org.hibernate.type.BasicTypeRegistry     : Adding type registration instant -> org.hibernate.type.BasicTypeReference@9b2dc56
2024-11-14T11:51:20.621-03:00 DEBUG 13764 --- [usuarios] [           main] org.hibernate.type.BasicTypeRegistry     : Adding type registration java.time.Instant -> org.hibernate.type.BasicTypeReference@9b2dc56
2024-11-14T11:51:20.621-03:00 DEBUG 13764 --- [usuarios] [           main] org.hibernate.type.BasicTypeRegistry     : Adding type registration uuid -> org.hibernate.type.BasicTypeReference@621f23ac
2024-11-14T11:51:20.621-03:00 DEBUG 13764 --- [usuarios] [           main] org.hibernate.type.BasicTypeRegistry     : Adding type registration java.util.UUID -> org.hibernate.type.BasicTypeReference@621f23ac
2024-11-14T11:51:20.621-03:00 DEBUG 13764 --- [usuarios] [           main] org.hibernate.type.BasicTypeRegistry     : Adding type registration pg-uuid -> org.hibernate.type.BasicTypeReference@621f23ac
2024-11-14T11:51:20.621-03:00 DEBUG 13764 --- [usuarios] [           main] org.hibernate.type.BasicTypeRegistry     : Adding type registration uuid-binary -> org.hibernate.type.BasicTypeReference@7761e342
2024-11-14T11:51:20.621-03:00 DEBUG 13764 --- [usuarios] [           main] org.hibernate.type.BasicTypeRegistry     : Adding type registration uuid-char -> org.hibernate.type.BasicTypeReference@51f68849
2024-11-14T11:51:20.621-03:00 DEBUG 13764 --- [usuarios] [           main] org.hibernate.type.BasicTypeRegistry     : Adding type registration class -> org.hibernate.type.BasicTypeReference@4eb9ae4d
2024-11-14T11:51:20.621-03:00 DEBUG 13764 --- [usuarios] [           main] org.hibernate.type.BasicTypeRegistry     : Adding type registration java.lang.Class -> org.hibernate.type.BasicTypeReference@4eb9ae4d
2024-11-14T11:51:20.621-03:00 DEBUG 13764 --- [usuarios] [           main] org.hibernate.type.BasicTypeRegistry     : Adding type registration currency -> org.hibernate.type.BasicTypeReference@5520f675
2024-11-14T11:51:20.622-03:00 DEBUG 13764 --- [usuarios] [           main] org.hibernate.type.BasicTypeRegistry     : Adding type registration Currency -> org.hibernate.type.BasicTypeReference@5520f675
2024-11-14T11:51:20.622-03:00 DEBUG 13764 --- [usuarios] [           main] org.hibernate.type.BasicTypeRegistry     : Adding type registration java.util.Currency -> org.hibernate.type.BasicTypeReference@5520f675
2024-11-14T11:51:20.622-03:00 DEBUG 13764 --- [usuarios] [           main] org.hibernate.type.BasicTypeRegistry     : Adding type registration locale -> org.hibernate.type.BasicTypeReference@48f2054d
2024-11-14T11:51:20.622-03:00 DEBUG 13764 --- [usuarios] [           main] org.hibernate.type.BasicTypeRegistry     : Adding type registration java.util.Locale -> org.hibernate.type.BasicTypeReference@48f2054d
2024-11-14T11:51:20.622-03:00 DEBUG 13764 --- [usuarios] [           main] org.hibernate.type.BasicTypeRegistry     : Adding type registration serializable -> org.hibernate.type.BasicTypeReference@4b3a01d8
2024-11-14T11:51:20.623-03:00 DEBUG 13764 --- [usuarios] [           main] org.hibernate.type.BasicTypeRegistry     : Adding type registration java.io.Serializable -> org.hibernate.type.BasicTypeReference@4b3a01d8
2024-11-14T11:51:20.623-03:00 DEBUG 13764 --- [usuarios] [           main] org.hibernate.type.BasicTypeRegistry     : Adding type registration timezone -> org.hibernate.type.BasicTypeReference@19fbc594
2024-11-14T11:51:20.623-03:00 DEBUG 13764 --- [usuarios] [           main] org.hibernate.type.BasicTypeRegistry     : Adding type registration java.util.TimeZone -> org.hibernate.type.BasicTypeReference@19fbc594
2024-11-14T11:51:20.623-03:00 DEBUG 13764 --- [usuarios] [           main] org.hibernate.type.BasicTypeRegistry     : Adding type registration ZoneOffset -> org.hibernate.type.BasicTypeReference@2f4d32bf
2024-11-14T11:51:20.623-03:00 DEBUG 13764 --- [usuarios] [           main] org.hibernate.type.BasicTypeRegistry     : Adding type registration java.time.ZoneOffset -> org.hibernate.type.BasicTypeReference@2f4d32bf
2024-11-14T11:51:20.623-03:00 DEBUG 13764 --- [usuarios] [           main] org.hibernate.type.BasicTypeRegistry     : Adding type registration url -> org.hibernate.type.BasicTypeReference@774d8276
2024-11-14T11:51:20.623-03:00 DEBUG 13764 --- [usuarios] [           main] org.hibernate.type.BasicTypeRegistry     : Adding type registration java.net.URL -> org.hibernate.type.BasicTypeReference@774d8276
2024-11-14T11:51:20.624-03:00 DEBUG 13764 --- [usuarios] [           main] org.hibernate.type.BasicTypeRegistry     : Adding type registration vector -> org.hibernate.type.BasicTypeReference@6ce26986
2024-11-14T11:51:20.624-03:00 DEBUG 13764 --- [usuarios] [           main] org.hibernate.type.BasicTypeRegistry     : Adding type registration row_version -> org.hibernate.type.BasicTypeReference@2bf2d6eb
2024-11-14T11:51:20.634-03:00 DEBUG 13764 --- [usuarios] [           main] org.hibernate.type.BasicTypeRegistry     : Adding type registration object -> org.hibernate.type.JavaObjectType@700b9e6b
2024-11-14T11:51:20.634-03:00 DEBUG 13764 --- [usuarios] [           main] org.hibernate.type.BasicTypeRegistry     : Adding type registration java.lang.Object -> org.hibernate.type.JavaObjectType@700b9e6b
2024-11-14T11:51:20.636-03:00 DEBUG 13764 --- [usuarios] [           main] org.hibernate.type.BasicTypeRegistry     : Adding type registration null -> org.hibernate.type.NullType@615439f7
2024-11-14T11:51:20.636-03:00 DEBUG 13764 --- [usuarios] [           main] org.hibernate.type.BasicTypeRegistry     : Adding type registration imm_date -> org.hibernate.type.BasicTypeReference@632cf7d3
2024-11-14T11:51:20.636-03:00 DEBUG 13764 --- [usuarios] [           main] org.hibernate.type.BasicTypeRegistry     : Adding type registration imm_time -> org.hibernate.type.BasicTypeReference@51b87df7
2024-11-14T11:51:20.636-03:00 DEBUG 13764 --- [usuarios] [           main] org.hibernate.type.BasicTypeRegistry     : Adding type registration imm_timestamp -> org.hibernate.type.BasicTypeReference@2315052d
2024-11-14T11:51:20.636-03:00 DEBUG 13764 --- [usuarios] [           main] org.hibernate.type.BasicTypeRegistry     : Adding type registration imm_calendar -> org.hibernate.type.BasicTypeReference@634e1b39
2024-11-14T11:51:20.636-03:00 DEBUG 13764 --- [usuarios] [           main] org.hibernate.type.BasicTypeRegistry     : Adding type registration imm_calendar_date -> org.hibernate.type.BasicTypeReference@67d8faec
2024-11-14T11:51:20.637-03:00 DEBUG 13764 --- [usuarios] [           main] org.hibernate.type.BasicTypeRegistry     : Adding type registration imm_calendar_time -> org.hibernate.type.BasicTypeReference@751d7425
2024-11-14T11:51:20.637-03:00 DEBUG 13764 --- [usuarios] [           main] org.hibernate.type.BasicTypeRegistry     : Adding type registration imm_binary -> org.hibernate.type.BasicTypeReference@7eaa2bc6
2024-11-14T11:51:20.637-03:00 DEBUG 13764 --- [usuarios] [           main] org.hibernate.type.BasicTypeRegistry     : Adding type registration imm_serializable -> org.hibernate.type.BasicTypeReference@6dae70f9
2024-11-14T11:51:20.648-03:00 DEBUG 13764 --- [usuarios] [           main] o.h.boot.internal.BootstrapContextImpl   : Injecting JPA temp ClassLoader [org.springframework.instrument.classloading.SimpleThrowawayClassLoader@2becfd4c] into BootstrapContext; was [null]
2024-11-14T11:51:20.648-03:00 DEBUG 13764 --- [usuarios] [           main] o.h.boot.internal.ClassLoaderAccessImpl  : ClassLoaderAccessImpl#injectTempClassLoader(org.springframework.instrument.classloading.SimpleThrowawayClassLoader@2becfd4c) [was null]
2024-11-14T11:51:20.649-03:00 DEBUG 13764 --- [usuarios] [           main] o.h.boot.internal.BootstrapContextImpl   : Injecting ScanEnvironment [org.hibernate.jpa.boot.internal.StandardJpaScanEnvironmentImpl@625487a6] into BootstrapContext; was [null]
2024-11-14T11:51:20.650-03:00 DEBUG 13764 --- [usuarios] [           main] o.h.boot.internal.BootstrapContextImpl   : Injecting ScanOptions [org.hibernate.boot.archive.scan.internal.StandardScanOptions@682e445e] into BootstrapContext; was [org.hibernate.boot.archive.scan.internal.StandardScanOptions@79e10fb4]
2024-11-14T11:51:21.147-03:00  INFO 13764 --- [usuarios] [           main] o.s.o.j.p.SpringPersistenceUnitInfo      : No LoadTimeWeaver setup: ignoring JPA class transformer
2024-11-14T11:51:21.148-03:00 DEBUG 13764 --- [usuarios] [           main] o.h.boot.internal.BootstrapContextImpl   : Injecting JPA temp ClassLoader [null] into BootstrapContext; was [org.springframework.instrument.classloading.SimpleThrowawayClassLoader@2becfd4c]
2024-11-14T11:51:21.148-03:00 DEBUG 13764 --- [usuarios] [           main] o.h.boot.internal.ClassLoaderAccessImpl  : ClassLoaderAccessImpl#injectTempClassLoader(null) [was org.springframework.instrument.classloading.SimpleThrowawayClassLoader@2becfd4c]
2024-11-14T11:51:21.195-03:00  INFO 13764 --- [usuarios] [           main] com.zaxxer.hikari.HikariDataSource       : HikariPool-1 - Starting...
2024-11-14T11:51:21.200-03:00  WARN 13764 --- [usuarios] [           main] c.zaxxer.hikari.util.DriverDataSource    : Registered driver with driverClassName=oracle.jdbc.driver.OracleDriver was not found, trying direct instantiation.
2024-11-14T11:51:22.549-03:00  INFO 13764 --- [usuarios] [           main] com.zaxxer.hikari.pool.HikariPool        : HikariPool-1 - Added connection oracle.jdbc.driver.T4CConnection@69d2e517
2024-11-14T11:51:22.552-03:00  INFO 13764 --- [usuarios] [           main] com.zaxxer.hikari.HikariDataSource       : HikariPool-1 - Start completed.
2024-11-14T11:51:22.557-03:00 DEBUG 13764 --- [usuarios] [           main] o.h.e.j.e.i.JdbcEnvironmentInitiator     : Database ->
	   name : Oracle
	version : Oracle Database 19c Enterprise Edition Release 19.0.0.0.0 - Production
Version 19.25.0.1.0
	  major : 19
	  minor : 0
2024-11-14T11:51:22.557-03:00 DEBUG 13764 --- [usuarios] [           main] o.h.e.j.e.i.JdbcEnvironmentInitiator     : Driver ->
	   name : Oracle JDBC driver
	version : 21.5.0.0.0
	  major : 21
	  minor : 5
2024-11-14T11:51:22.557-03:00 DEBUG 13764 --- [usuarios] [           main] o.h.e.j.e.i.JdbcEnvironmentInitiator     : JDBC version : 4.3
2024-11-14T11:51:22.821-03:00  WARN 13764 --- [usuarios] [           main] org.hibernate.orm.deprecation            : HHH90000025: OracleDialect does not need to be specified explicitly using 'hibernate.dialect' (remove the property setting and it will be selected by default)
2024-11-14T11:51:22.823-03:00 DEBUG 13764 --- [usuarios] [           main] org.hibernate.orm.dialect                : HHH035001: Using dialect: org.hibernate.dialect.OracleDialect, version: 19.0
2024-11-14T11:51:22.896-03:00 DEBUG 13764 --- [usuarios] [           main] o.h.t.d.jdbc.spi.JdbcTypeRegistry        : addDescriptor(NCharTypeDescriptor) replaced previous registration(CharTypeDescriptor)
2024-11-14T11:51:22.896-03:00 DEBUG 13764 --- [usuarios] [           main] o.h.t.d.jdbc.spi.JdbcTypeRegistry        : addDescriptor(NVarcharTypeDescriptor) replaced previous registration(VarcharTypeDescriptor)
2024-11-14T11:51:22.897-03:00 DEBUG 13764 --- [usuarios] [           main] o.h.t.d.jdbc.spi.JdbcTypeRegistry        : addDescriptor(LongNVarcharTypeDescriptor) replaced previous registration(LongVarcharTypeDescriptor)
2024-11-14T11:51:22.900-03:00 DEBUG 13764 --- [usuarios] [           main] o.h.t.d.jdbc.spi.JdbcTypeRegistry        : addDescriptor(NClobTypeDescriptor(DEFAULT)) replaced previous registration(ClobTypeDescriptor(DEFAULT))
2024-11-14T11:51:22.901-03:00 DEBUG 13764 --- [usuarios] [           main] o.h.t.d.jdbc.spi.JdbcTypeRegistry        : addDescriptor(2005, ClobTypeDescriptor(STREAM_BINDING)) replaced previous registration(ClobTypeDescriptor(DEFAULT))
2024-11-14T11:51:22.902-03:00 DEBUG 13764 --- [usuarios] [           main] o.h.t.d.jdbc.spi.JdbcTypeRegistry        : addDescriptor(BooleanTypeDescriptor) replaced previous registration(BooleanTypeDescriptor)
2024-11-14T11:51:22.924-03:00 DEBUG 13764 --- [usuarios] [           main] org.hibernate.type.BasicTypeRegistry     : Adding type registration null -> org.hibernate.type.NullType@1af82ba8
2024-11-14T11:51:22.925-03:00 DEBUG 13764 --- [usuarios] [           main] org.hibernate.type.BasicTypeRegistry     : Type registration key [null] overrode previous entry : `org.hibernate.type.NullType@615439f7`
2024-11-14T11:51:22.925-03:00 DEBUG 13764 --- [usuarios] [           main] org.hibernate.type.BasicTypeRegistry     : Adding type registration JAVA_OBJECT -> org.hibernate.type.JavaObjectType@3a13f663
2024-11-14T11:51:22.925-03:00 DEBUG 13764 --- [usuarios] [           main] org.hibernate.type.BasicTypeRegistry     : Adding type registration java.lang.Object -> org.hibernate.type.JavaObjectType@3a13f663
2024-11-14T11:51:22.925-03:00 DEBUG 13764 --- [usuarios] [           main] org.hibernate.type.BasicTypeRegistry     : Type registration key [java.lang.Object] overrode previous entry : `org.hibernate.type.JavaObjectType@700b9e6b`
2024-11-14T11:51:22.930-03:00 DEBUG 13764 --- [usuarios] [           main] org.hibernate.type.BasicTypeRegistry     : Adding type registration org.hibernate.type.DurationType -> basicType@1(java.time.Duration,3015)
2024-11-14T11:51:22.930-03:00 DEBUG 13764 --- [usuarios] [           main] org.hibernate.type.BasicTypeRegistry     : Adding type registration Duration -> basicType@1(java.time.Duration,3015)
2024-11-14T11:51:22.930-03:00 DEBUG 13764 --- [usuarios] [           main] org.hibernate.type.BasicTypeRegistry     : Adding type registration java.time.Duration -> basicType@1(java.time.Duration,3015)
2024-11-14T11:51:22.933-03:00 DEBUG 13764 --- [usuarios] [           main] o.h.type.spi.TypeConfiguration$Scope     : Scoping TypeConfiguration [org.hibernate.type.spi.TypeConfiguration@784212] to MetadataBuildingContext [org.hibernate.boot.internal.MetadataBuildingContextRootImpl@5ac646b3]
2024-11-14T11:51:23.002-03:00 DEBUG 13764 --- [usuarios] [           main] o.h.boot.model.relational.Namespace      : Created database namespace [logicalName=Name{catalog=null, schema=null}, physicalName=Name{catalog=null, schema=null}]
2024-11-14T11:51:23.052-03:00 DEBUG 13764 --- [usuarios] [           main] o.h.boot.model.internal.EntityBinder     : Binding entity from annotated class: com.microrecetas.usuarios.model.Receta
2024-11-14T11:51:23.062-03:00 DEBUG 13764 --- [usuarios] [           main] o.h.boot.model.internal.EntityBinder     : Import with entity name Receta
2024-11-14T11:51:23.075-03:00 DEBUG 13764 --- [usuarios] [           main] o.h.boot.model.internal.EntityBinder     : Bind entity com.microrecetas.usuarios.model.Receta on table recetas
2024-11-14T11:51:23.103-03:00 DEBUG 13764 --- [usuarios] [           main] o.h.boot.model.internal.AnnotatedColumn  : Binding column: AnnotatedDiscriminatorColumn(column='DTYPE')
2024-11-14T11:51:23.137-03:00 DEBUG 13764 --- [usuarios] [           main] o.h.boot.model.internal.AnnotatedColumn  : Binding column: AnnotatedColumn()
2024-11-14T11:51:23.138-03:00 DEBUG 13764 --- [usuarios] [           main] o.h.boot.internal.ClassLoaderAccessImpl  : Not known whether passed class name [com.microrecetas.usuarios.model.Receta] is safe
2024-11-14T11:51:23.138-03:00 DEBUG 13764 --- [usuarios] [           main] o.h.boot.internal.ClassLoaderAccessImpl  : No temp ClassLoader provided; using live ClassLoader for loading potentially unsafe class : com.microrecetas.usuarios.model.Receta
2024-11-14T11:51:23.144-03:00 DEBUG 13764 --- [usuarios] [           main] o.h.boot.model.internal.PropertyBinder   : MetadataSourceProcessor property id with lazy=false
2024-11-14T11:51:23.153-03:00 DEBUG 13764 --- [usuarios] [           main] o.h.b.m.internal.AbstractPropertyHolder  : Attempting to locate auto-apply AttributeConverter for property [com.microrecetas.usuarios.model.Receta:id]
2024-11-14T11:51:23.158-03:00 DEBUG 13764 --- [usuarios] [           main] o.h.b.model.internal.BasicValueBinder    : building BasicValue for id
2024-11-14T11:51:23.163-03:00 DEBUG 13764 --- [usuarios] [           main] org.hibernate.mapping.BasicValue         : Skipping column re-registration: recetas.id
2024-11-14T11:51:23.165-03:00 DEBUG 13764 --- [usuarios] [           main] o.h.boot.model.internal.PropertyBinder   : Building property id
2024-11-14T11:51:23.172-03:00 DEBUG 13764 --- [usuarios] [           main] o.h.boot.model.internal.BinderHelper     : #makeIdGenerator(BasicValue([Column(id)]), id, identity, , ...)
2024-11-14T11:51:23.175-03:00 DEBUG 13764 --- [usuarios] [           main] o.h.boot.model.internal.AnnotatedColumn  : Binding column: AnnotatedColumn(column='dificultad')
2024-11-14T11:51:23.175-03:00 DEBUG 13764 --- [usuarios] [           main] o.h.boot.model.internal.PropertyBinder   : MetadataSourceProcessor property dificultad with lazy=false
2024-11-14T11:51:23.175-03:00 DEBUG 13764 --- [usuarios] [           main] o.h.b.m.internal.AbstractPropertyHolder  : Attempting to locate auto-apply AttributeConverter for property [com.microrecetas.usuarios.model.Receta:dificultad]
2024-11-14T11:51:23.175-03:00 DEBUG 13764 --- [usuarios] [           main] o.h.b.model.internal.BasicValueBinder    : building BasicValue for dificultad
2024-11-14T11:51:23.175-03:00 DEBUG 13764 --- [usuarios] [           main] org.hibernate.mapping.BasicValue         : Skipping column re-registration: recetas.dificultad
2024-11-14T11:51:23.175-03:00 DEBUG 13764 --- [usuarios] [           main] o.h.boot.model.internal.PropertyBinder   : Building property dificultad
2024-11-14T11:51:23.176-03:00 DEBUG 13764 --- [usuarios] [           main] o.h.boot.model.internal.AnnotatedColumn  : Binding column: AnnotatedColumn(column='fotografia')
2024-11-14T11:51:23.177-03:00 DEBUG 13764 --- [usuarios] [           main] o.h.boot.model.internal.PropertyBinder   : MetadataSourceProcessor property fotografia with lazy=false
2024-11-14T11:51:23.177-03:00 DEBUG 13764 --- [usuarios] [           main] o.h.b.m.internal.AbstractPropertyHolder  : Attempting to locate auto-apply AttributeConverter for property [com.microrecetas.usuarios.model.Receta:fotografia]
2024-11-14T11:51:23.177-03:00 DEBUG 13764 --- [usuarios] [           main] o.h.b.model.internal.BasicValueBinder    : building BasicValue for fotografia
2024-11-14T11:51:23.177-03:00 DEBUG 13764 --- [usuarios] [           main] org.hibernate.mapping.BasicValue         : Skipping column re-registration: recetas.fotografia
2024-11-14T11:51:23.177-03:00 DEBUG 13764 --- [usuarios] [           main] o.h.boot.model.internal.PropertyBinder   : Building property fotografia
2024-11-14T11:51:23.178-03:00 DEBUG 13764 --- [usuarios] [           main] o.h.boot.model.internal.AnnotatedColumn  : Binding column: AnnotatedColumn(column='ingredientes')
2024-11-14T11:51:23.182-03:00 DEBUG 13764 --- [usuarios] [           main] o.h.boot.model.internal.AnnotatedColumn  : Binding column: AnnotatedJoinColumn()
2024-11-14T11:51:23.207-03:00 DEBUG 13764 --- [usuarios] [           main] o.h.boot.model.internal.AnnotatedColumn  : Binding column: IndexColumn(column='ingredientes_ORDER')
2024-11-14T11:51:23.209-03:00 DEBUG 13764 --- [usuarios] [           main] o.h.boot.model.internal.AnnotatedColumn  : Binding column: AnnotatedColumn(column='ingredientes')
2024-11-14T11:51:23.210-03:00 DEBUG 13764 --- [usuarios] [           main] o.h.boot.model.internal.AnnotatedColumn  : Binding column: AnnotatedColumn(column='ingredientes_KEY')
2024-11-14T11:51:23.212-03:00 DEBUG 13764 --- [usuarios] [           main] o.h.boot.model.internal.AnnotatedColumn  : Binding column: AnnotatedJoinColumn(column='ingredientes_KEY')
2024-11-14T11:51:23.212-03:00 DEBUG 13764 --- [usuarios] [           main] o.h.boot.model.internal.AnnotatedColumn  : Binding column: AnnotatedJoinColumn()
2024-11-14T11:51:23.213-03:00 DEBUG 13764 --- [usuarios] [           main] o.h.boot.model.internal.AnnotatedColumn  : Binding column: AnnotatedJoinColumn()
2024-11-14T11:51:23.217-03:00 DEBUG 13764 --- [usuarios] [           main] o.h.b.model.internal.CollectionBinder    : Collection role: com.microrecetas.usuarios.model.Receta.ingredientes
2024-11-14T11:51:23.220-03:00 DEBUG 13764 --- [usuarios] [           main] o.h.boot.model.internal.PropertyBinder   : Building property ingredientes
2024-11-14T11:51:23.221-03:00 DEBUG 13764 --- [usuarios] [           main] o.h.boot.model.internal.AnnotatedColumn  : Binding column: AnnotatedColumn(column='instrucciones')
2024-11-14T11:51:23.221-03:00 DEBUG 13764 --- [usuarios] [           main] o.h.boot.model.internal.PropertyBinder   : MetadataSourceProcessor property instrucciones with lazy=false
2024-11-14T11:51:23.221-03:00 DEBUG 13764 --- [usuarios] [           main] o.h.b.m.internal.AbstractPropertyHolder  : Attempting to locate auto-apply AttributeConverter for property [com.microrecetas.usuarios.model.Receta:instrucciones]
2024-11-14T11:51:23.221-03:00 DEBUG 13764 --- [usuarios] [           main] o.h.b.model.internal.BasicValueBinder    : building BasicValue for instrucciones
2024-11-14T11:51:23.221-03:00 DEBUG 13764 --- [usuarios] [           main] org.hibernate.mapping.BasicValue         : Skipping column re-registration: recetas.instrucciones
2024-11-14T11:51:23.222-03:00 DEBUG 13764 --- [usuarios] [           main] o.h.boot.model.internal.PropertyBinder   : Building property instrucciones
2024-11-14T11:51:23.222-03:00 DEBUG 13764 --- [usuarios] [           main] o.h.boot.model.internal.AnnotatedColumn  : Binding column: AnnotatedColumn(column='nombre')
2024-11-14T11:51:23.222-03:00 DEBUG 13764 --- [usuarios] [           main] o.h.boot.model.internal.PropertyBinder   : MetadataSourceProcessor property nombre with lazy=false
2024-11-14T11:51:23.222-03:00 DEBUG 13764 --- [usuarios] [           main] o.h.b.m.internal.AbstractPropertyHolder  : Attempting to locate auto-apply AttributeConverter for property [com.microrecetas.usuarios.model.Receta:nombre]
2024-11-14T11:51:23.222-03:00 DEBUG 13764 --- [usuarios] [           main] o.h.b.model.internal.BasicValueBinder    : building BasicValue for nombre
2024-11-14T11:51:23.222-03:00 DEBUG 13764 --- [usuarios] [           main] org.hibernate.mapping.BasicValue         : Skipping column re-registration: recetas.nombre
2024-11-14T11:51:23.222-03:00 DEBUG 13764 --- [usuarios] [           main] o.h.boot.model.internal.PropertyBinder   : Building property nombre
2024-11-14T11:51:23.222-03:00 DEBUG 13764 --- [usuarios] [           main] o.h.boot.model.internal.AnnotatedColumn  : Binding column: AnnotatedColumn(column='pais_origen')
2024-11-14T11:51:23.222-03:00 DEBUG 13764 --- [usuarios] [           main] o.h.boot.model.internal.PropertyBinder   : MetadataSourceProcessor property paisOrigen with lazy=false
2024-11-14T11:51:23.222-03:00 DEBUG 13764 --- [usuarios] [           main] o.h.b.m.internal.AbstractPropertyHolder  : Attempting to locate auto-apply AttributeConverter for property [com.microrecetas.usuarios.model.Receta:paisOrigen]
2024-11-14T11:51:23.222-03:00 DEBUG 13764 --- [usuarios] [           main] o.h.b.model.internal.BasicValueBinder    : building BasicValue for paisOrigen
2024-11-14T11:51:23.222-03:00 DEBUG 13764 --- [usuarios] [           main] org.hibernate.mapping.BasicValue         : Skipping column re-registration: recetas.pais_origen
2024-11-14T11:51:23.223-03:00 DEBUG 13764 --- [usuarios] [           main] o.h.boot.model.internal.PropertyBinder   : Building property paisOrigen
2024-11-14T11:51:23.223-03:00 DEBUG 13764 --- [usuarios] [           main] o.h.boot.model.internal.AnnotatedColumn  : Binding column: AnnotatedColumn(column='tiempo_coccion')
2024-11-14T11:51:23.223-03:00 DEBUG 13764 --- [usuarios] [           main] o.h.boot.model.internal.PropertyBinder   : MetadataSourceProcessor property tiempoCoccion with lazy=false
2024-11-14T11:51:23.223-03:00 DEBUG 13764 --- [usuarios] [           main] o.h.b.m.internal.AbstractPropertyHolder  : Attempting to locate auto-apply AttributeConverter for property [com.microrecetas.usuarios.model.Receta:tiempoCoccion]
2024-11-14T11:51:23.223-03:00 DEBUG 13764 --- [usuarios] [           main] o.h.b.model.internal.BasicValueBinder    : building BasicValue for tiempoCoccion
2024-11-14T11:51:23.223-03:00 DEBUG 13764 --- [usuarios] [           main] org.hibernate.mapping.BasicValue         : Skipping column re-registration: recetas.tiempo_coccion
2024-11-14T11:51:23.223-03:00 DEBUG 13764 --- [usuarios] [           main] o.h.boot.model.internal.PropertyBinder   : Building property tiempoCoccion
2024-11-14T11:51:23.223-03:00 DEBUG 13764 --- [usuarios] [           main] o.h.boot.model.internal.AnnotatedColumn  : Binding column: AnnotatedColumn(column='tipo_cocina')
2024-11-14T11:51:23.223-03:00 DEBUG 13764 --- [usuarios] [           main] o.h.boot.model.internal.PropertyBinder   : MetadataSourceProcessor property tipoCocina with lazy=false
2024-11-14T11:51:23.223-03:00 DEBUG 13764 --- [usuarios] [           main] o.h.b.m.internal.AbstractPropertyHolder  : Attempting to locate auto-apply AttributeConverter for property [com.microrecetas.usuarios.model.Receta:tipoCocina]
2024-11-14T11:51:23.223-03:00 DEBUG 13764 --- [usuarios] [           main] o.h.b.model.internal.BasicValueBinder    : building BasicValue for tipoCocina
2024-11-14T11:51:23.223-03:00 DEBUG 13764 --- [usuarios] [           main] org.hibernate.mapping.BasicValue         : Skipping column re-registration: recetas.tipo_cocina
2024-11-14T11:51:23.223-03:00 DEBUG 13764 --- [usuarios] [           main] o.h.boot.model.internal.PropertyBinder   : Building property tipoCocina
2024-11-14T11:51:23.226-03:00 DEBUG 13764 --- [usuarios] [           main] o.h.b.r.c.i.ClassLoaderServiceImpl       : HHH000194: Package not found or no package-info.java: com.microrecetas.usuarios.model
2024-11-14T11:51:23.240-03:00 DEBUG 13764 --- [usuarios] [           main] o.h.boot.model.internal.EntityBinder     : Binding entity from annotated class: com.microrecetas.usuarios.model.User
2024-11-14T11:51:23.240-03:00 DEBUG 13764 --- [usuarios] [           main] o.h.boot.model.internal.EntityBinder     : Import with entity name User
2024-11-14T11:51:23.240-03:00 DEBUG 13764 --- [usuarios] [           main] o.h.boot.model.internal.EntityBinder     : Bind entity com.microrecetas.usuarios.model.User on table users
2024-11-14T11:51:23.240-03:00 DEBUG 13764 --- [usuarios] [           main] o.h.boot.model.internal.AnnotatedColumn  : Binding column: AnnotatedDiscriminatorColumn(column='DTYPE')
2024-11-14T11:51:23.241-03:00 DEBUG 13764 --- [usuarios] [           main] o.h.boot.model.internal.AnnotatedColumn  : Binding column: AnnotatedColumn()
2024-11-14T11:51:23.241-03:00 DEBUG 13764 --- [usuarios] [           main] o.h.boot.internal.ClassLoaderAccessImpl  : Not known whether passed class name [com.microrecetas.usuarios.model.User] is safe
2024-11-14T11:51:23.241-03:00 DEBUG 13764 --- [usuarios] [           main] o.h.boot.internal.ClassLoaderAccessImpl  : No temp ClassLoader provided; using live ClassLoader for loading potentially unsafe class : com.microrecetas.usuarios.model.User
2024-11-14T11:51:23.241-03:00 DEBUG 13764 --- [usuarios] [           main] o.h.boot.model.internal.PropertyBinder   : MetadataSourceProcessor property id with lazy=false
2024-11-14T11:51:23.241-03:00 DEBUG 13764 --- [usuarios] [           main] o.h.b.m.internal.AbstractPropertyHolder  : Attempting to locate auto-apply AttributeConverter for property [com.microrecetas.usuarios.model.User:id]
2024-11-14T11:51:23.241-03:00 DEBUG 13764 --- [usuarios] [           main] o.h.b.model.internal.BasicValueBinder    : building BasicValue for id
2024-11-14T11:51:23.242-03:00 DEBUG 13764 --- [usuarios] [           main] org.hibernate.mapping.BasicValue         : Skipping column re-registration: users.id
2024-11-14T11:51:23.242-03:00 DEBUG 13764 --- [usuarios] [           main] o.h.boot.model.internal.PropertyBinder   : Building property id
2024-11-14T11:51:23.242-03:00 DEBUG 13764 --- [usuarios] [           main] o.h.boot.model.internal.BinderHelper     : #makeIdGenerator(BasicValue([Column(id)]), id, identity, , ...)
2024-11-14T11:51:23.242-03:00 DEBUG 13764 --- [usuarios] [           main] o.h.boot.model.internal.AnnotatedColumn  : Binding column: AnnotatedColumn(column='password')
2024-11-14T11:51:23.242-03:00 DEBUG 13764 --- [usuarios] [           main] o.h.boot.model.internal.PropertyBinder   : MetadataSourceProcessor property password with lazy=false
2024-11-14T11:51:23.242-03:00 DEBUG 13764 --- [usuarios] [           main] o.h.b.m.internal.AbstractPropertyHolder  : Attempting to locate auto-apply AttributeConverter for property [com.microrecetas.usuarios.model.User:password]
2024-11-14T11:51:23.243-03:00 DEBUG 13764 --- [usuarios] [           main] o.h.b.model.internal.BasicValueBinder    : building BasicValue for password
2024-11-14T11:51:23.243-03:00 DEBUG 13764 --- [usuarios] [           main] org.hibernate.mapping.BasicValue         : Skipping column re-registration: users.password
2024-11-14T11:51:23.243-03:00 DEBUG 13764 --- [usuarios] [           main] o.h.boot.model.internal.PropertyBinder   : Building property password
2024-11-14T11:51:23.245-03:00 DEBUG 13764 --- [usuarios] [           main] o.h.boot.model.internal.AnnotatedColumn  : Binding column: AnnotatedColumn(column='username')
2024-11-14T11:51:23.245-03:00 DEBUG 13764 --- [usuarios] [           main] o.h.boot.model.internal.PropertyBinder   : MetadataSourceProcessor property username with lazy=false
2024-11-14T11:51:23.245-03:00 DEBUG 13764 --- [usuarios] [           main] o.h.b.m.internal.AbstractPropertyHolder  : Attempting to locate auto-apply AttributeConverter for property [com.microrecetas.usuarios.model.User:username]
2024-11-14T11:51:23.246-03:00 DEBUG 13764 --- [usuarios] [           main] o.h.b.model.internal.BasicValueBinder    : building BasicValue for username
2024-11-14T11:51:23.246-03:00 DEBUG 13764 --- [usuarios] [           main] org.hibernate.mapping.BasicValue         : Skipping column re-registration: users.username
2024-11-14T11:51:23.246-03:00 DEBUG 13764 --- [usuarios] [           main] o.h.boot.model.internal.PropertyBinder   : Building property username
2024-11-14T11:51:23.247-03:00 DEBUG 13764 --- [usuarios] [           main] o.h.b.r.c.i.ClassLoaderServiceImpl       : HHH000194: Package not found or no package-info.java: com.microrecetas.usuarios.model
2024-11-14T11:51:23.249-03:00 DEBUG 13764 --- [usuarios] [           main] o.h.b.model.internal.BasicValueBinder    : Starting `BasicValueBinder#fillSimpleValue` for id
2024-11-14T11:51:23.251-03:00 DEBUG 13764 --- [usuarios] [           main] o.h.b.model.internal.BasicValueBinder    : Starting `BasicValueBinder#fillSimpleValue` for dificultad
2024-11-14T11:51:23.251-03:00 DEBUG 13764 --- [usuarios] [           main] o.h.b.model.internal.BasicValueBinder    : Starting `BasicValueBinder#fillSimpleValue` for fotografia
2024-11-14T11:51:23.251-03:00 DEBUG 13764 --- [usuarios] [           main] o.h.b.model.internal.BasicValueBinder    : Starting `BasicValueBinder#fillSimpleValue` for instrucciones
2024-11-14T11:51:23.251-03:00 DEBUG 13764 --- [usuarios] [           main] o.h.b.model.internal.BasicValueBinder    : Starting `BasicValueBinder#fillSimpleValue` for nombre
2024-11-14T11:51:23.251-03:00 DEBUG 13764 --- [usuarios] [           main] o.h.b.model.internal.BasicValueBinder    : Starting `BasicValueBinder#fillSimpleValue` for paisOrigen
2024-11-14T11:51:23.252-03:00 DEBUG 13764 --- [usuarios] [           main] o.h.b.model.internal.BasicValueBinder    : Starting `BasicValueBinder#fillSimpleValue` for tiempoCoccion
2024-11-14T11:51:23.252-03:00 DEBUG 13764 --- [usuarios] [           main] o.h.b.model.internal.BasicValueBinder    : Starting `BasicValueBinder#fillSimpleValue` for tipoCocina
2024-11-14T11:51:23.252-03:00 DEBUG 13764 --- [usuarios] [           main] o.h.b.model.internal.BasicValueBinder    : Starting `BasicValueBinder#fillSimpleValue` for id
2024-11-14T11:51:23.252-03:00 DEBUG 13764 --- [usuarios] [           main] o.h.b.model.internal.BasicValueBinder    : Starting `BasicValueBinder#fillSimpleValue` for password
[...]

   RedisAutoConfiguration:
      Did not match:
         - @ConditionalOnClass did not find required class 'org.springframework.data.redis.core.RedisOperations' (OnClassCondition)

   RedisCacheConfiguration:
      Did not match:
         - @ConditionalOnClass did not find required class 'org.springframework.data.redis.connection.RedisConnectionFactory' (OnClassCondition)

   RedisReactiveAutoConfiguration:
      Did not match:
         - @ConditionalOnClass did not find required class 'reactor.core.publisher.Flux' (OnClassCondition)

   RedisRepositoriesAutoConfiguration:
      Did not match:
         - @ConditionalOnClass did not find required class 'org.springframework.data.redis.repository.configuration.EnableRedisRepositories' (OnClassCondition)

   RemoteDevToolsAutoConfiguration:
      Did not match:
         - @ConditionalOnProperty (spring.devtools.remote.secret) did not find property 'secret' (OnPropertyCondition)
      Matched:
         - @ConditionalOnClass found required classes 'jakarta.servlet.Filter', 'org.springframework.http.server.ServerHttpRequest' (OnClassCondition)

   RepositoryRestMvcAutoConfiguration:
      Did not match:
         - @ConditionalOnClass did not find required class 'org.springframework.data.rest.webmvc.config.RepositoryRestMvcConfiguration' (OnClassCondition)

   Saml2RelyingPartyAutoConfiguration:
      Did not match:
         - @ConditionalOnClass did not find required class 'org.springframework.security.saml2.provider.service.registration.RelyingPartyRegistrationRepository' (OnClassCondition)

   SecurityDataConfiguration:
      Did not match:
         - @ConditionalOnClass did not find required class 'org.springframework.security.data.repository.query.SecurityEvaluationContextExtension' (OnClassCondition)

   SendGridAutoConfiguration:
      Did not match:
         - @ConditionalOnClass did not find required class 'com.sendgrid.SendGrid' (OnClassCondition)

   ServletWebServerFactoryAutoConfiguration.ForwardedHeaderFilterConfiguration:
      Did not match:
         - @ConditionalOnProperty (server.forward-headers-strategy=framework) did not find property 'server.forward-headers-strategy' (OnPropertyCondition)

   ServletWebServerFactoryConfiguration.EmbeddedJetty:
      Did not match:
         - @ConditionalOnClass did not find required classes 'org.eclipse.jetty.server.Server', 'org.eclipse.jetty.util.Loader', 'org.eclipse.jetty.ee10.webapp.WebAppContext' (OnClassCondition)

   ServletWebServerFactoryConfiguration.EmbeddedUndertow:
      Did not match:
         - @ConditionalOnClass did not find required classes 'io.undertow.Undertow', 'org.xnio.SslClientAuthMode' (OnClassCondition)

   SessionAutoConfiguration:
      Did not match:
         - @ConditionalOnClass did not find required class 'org.springframework.session.Session' (OnClassCondition)

   SpringApplicationAdminJmxAutoConfiguration:
      Did not match:
         - @ConditionalOnProperty (spring.application.admin.enabled=true) did not find property 'enabled' (OnPropertyCondition)

   SpringBootWebSecurityConfiguration.SecurityFilterChainConfiguration:
      Did not match:
         - AllNestedConditions 1 matched 1 did not; NestedCondition on DefaultWebSecurityCondition.Beans @ConditionalOnMissingBean (types: org.springframework.security.web.SecurityFilterChain; SearchStrategy: all) found beans of type 'org.springframework.security.web.SecurityFilterChain' configure; NestedCondition on DefaultWebSecurityCondition.Classes @ConditionalOnClass found required classes 'org.springframework.security.web.SecurityFilterChain', 'org.springframework.security.config.annotation.web.builders.HttpSecurity' (DefaultWebSecurityCondition)

   SpringBootWebSecurityConfiguration.WebSecurityEnablerConfiguration:
      Did not match:
         - @ConditionalOnMissingBean (names: springSecurityFilterChain; SearchStrategy: all) found beans named springSecurityFilterChain (OnBeanCondition)
      Matched:
         - @ConditionalOnClass found required class 'org.springframework.security.config.annotation.web.configuration.EnableWebSecurity' (OnClassCondition)

   TaskExecutorConfigurations.SimpleAsyncTaskExecutorBuilderConfiguration#simpleAsyncTaskExecutorBuilderVirtualThreads:
      Did not match:
         - @ConditionalOnMissingBean (types: org.springframework.boot.task.SimpleAsyncTaskExecutorBuilder; SearchStrategy: all) found beans of type 'org.springframework.boot.task.SimpleAsyncTaskExecutorBuilder' simpleAsyncTaskExecutorBuilder (OnBeanCondition)

   TaskExecutorConfigurations.TaskExecutorConfiguration#applicationTaskExecutorVirtualThreads:
      Did not match:
         - @ConditionalOnThreading did not find VIRTUAL (OnThreadingCondition)

   TaskSchedulingAutoConfiguration#scheduledBeanLazyInitializationExcludeFilter:
      Did not match:
         - @ConditionalOnBean (names: org.springframework.context.annotation.internalScheduledAnnotationProcessor; SearchStrategy: all) did not find any beans named org.springframework.context.annotation.internalScheduledAnnotationProcessor (OnBeanCondition)

   TaskSchedulingConfigurations.SimpleAsyncTaskSchedulerBuilderConfiguration#simpleAsyncTaskSchedulerBuilderVirtualThreads:
      Did not match:
         - @ConditionalOnMissingBean (types: org.springframework.boot.task.SimpleAsyncTaskSchedulerBuilder; SearchStrategy: all) found beans of type 'org.springframework.boot.task.SimpleAsyncTaskSchedulerBuilder' simpleAsyncTaskSchedulerBuilder (OnBeanCondition)

   TaskSchedulingConfigurations.TaskSchedulerConfiguration:
      Did not match:
         - @ConditionalOnBean (names: org.springframework.context.annotation.internalScheduledAnnotationProcessor; SearchStrategy: all) did not find any beans named org.springframework.context.annotation.internalScheduledAnnotationProcessor (OnBeanCondition)

   TemplateEngineConfigurations.ReactiveTemplateEngineConfiguration:
      Did not match:
         - did not find reactive web application classes (OnWebApplicationCondition)

   ThymeleafAutoConfiguration.DataAttributeDialectConfiguration:
      Did not match:
         - @ConditionalOnClass did not find required class 'com.github.mxab.thymeleaf.extras.dataattribute.dialect.DataAttributeDialect' (OnClassCondition)

   ThymeleafAutoConfiguration.ThymeleafWebFluxConfiguration:
      Did not match:
         - did not find reactive web application classes (OnWebApplicationCondition)

   ThymeleafAutoConfiguration.ThymeleafWebLayoutConfiguration:
      Did not match:
         - @ConditionalOnClass did not find required class 'nz.net.ultraq.thymeleaf.layoutdialect.LayoutDialect' (OnClassCondition)

   ThymeleafAutoConfiguration.ThymeleafWebMvcConfiguration#resourceUrlEncodingFilter:
      Did not match:
         - @ConditionalOnEnabledResourceChain did not find class org.webjars.WebJarAssetLocator (OnEnabledResourceChainCondition)

   TransactionAutoConfiguration#transactionalOperator:
      Did not match:
         - @ConditionalOnSingleCandidate (types: org.springframework.transaction.ReactiveTransactionManager; SearchStrategy: all) did not find any beans (OnBeanCondition)

   TransactionAutoConfiguration.AspectJTransactionManagementConfiguration:
      Did not match:
         - @ConditionalOnBean (types: org.springframework.transaction.aspectj.AbstractTransactionAspect; SearchStrategy: all) did not find any beans of type org.springframework.transaction.aspectj.AbstractTransactionAspect (OnBeanCondition)

   TransactionAutoConfiguration.EnableTransactionManagementConfiguration.JdkDynamicAutoProxyConfiguration:
      Did not match:
         - @ConditionalOnProperty (spring.aop.proxy-target-class=false) did not find property 'proxy-target-class' (OnPropertyCondition)

   UserDetailsServiceAutoConfiguration:
      Did not match:
         - @ConditionalOnMissingBean (types: org.springframework.security.authentication.AuthenticationManager,org.springframework.security.authentication.AuthenticationProvider,org.springframework.security.core.userdetails.UserDetailsService,org.springframework.security.authentication.AuthenticationManagerResolver,org.springframework.security.oauth2.jwt.JwtDecoder; SearchStrategy: all) found beans of type 'org.springframework.security.core.userdetails.UserDetailsService' customUserDetailsService (OnBeanCondition)
      Matched:
         - @ConditionalOnClass found required class 'org.springframework.security.authentication.AuthenticationManager' (OnClassCondition)
         - AnyNestedCondition 1 matched 2 did not; NestedCondition on UserDetailsServiceAutoConfiguration.MissingAlternativeOrUserPropertiesConfigured.PasswordConfigured @ConditionalOnProperty (spring.security.user.password) did not find property 'password'; NestedCondition on UserDetailsServiceAutoConfiguration.MissingAlternativeOrUserPropertiesConfigured.NameConfigured @ConditionalOnProperty (spring.security.user.name) did not find property 'name'; NestedCondition on UserDetailsServiceAutoConfiguration.MissingAlternativeOrUserPropertiesConfigured.MissingAlternative @ConditionalOnMissingClass did not find unwanted classes 'org.springframework.security.oauth2.client.registration.ClientRegistrationRepository', 'org.springframework.security.oauth2.server.resource.introspection.OpaqueTokenIntrospector', 'org.springframework.security.saml2.provider.service.registration.RelyingPartyRegistrationRepository' (UserDetailsServiceAutoConfiguration.MissingAlternativeOrUserPropertiesConfigured)

   ValidationAutoConfiguration:
      Did not match:
         - @ConditionalOnClass did not find required class 'jakarta.validation.executable.ExecutableValidator' (OnClassCondition)

   WebClientAutoConfiguration:
      Did not match:
         - @ConditionalOnClass did not find required class 'org.springframework.web.reactive.function.client.WebClient' (OnClassCondition)

   WebFluxAutoConfiguration:
      Did not match:
         - @ConditionalOnClass did not find required class 'org.springframework.web.reactive.config.WebFluxConfigurer' (OnClassCondition)

   WebMvcAutoConfiguration#hiddenHttpMethodFilter:
      Did not match:
         - @ConditionalOnProperty (spring.mvc.hiddenmethod.filter.enabled) did not find property 'enabled' (OnPropertyCondition)

   WebMvcAutoConfiguration.ProblemDetailsErrorHandlingConfiguration:
      Did not match:
         - @ConditionalOnProperty (spring.mvc.problemdetails.enabled=true) did not find property 'enabled' (OnPropertyCondition)

   WebMvcAutoConfiguration.ResourceChainCustomizerConfiguration:
      Did not match:
         - @ConditionalOnEnabledResourceChain did not find class org.webjars.WebJarAssetLocator (OnEnabledResourceChainCondition)

   WebMvcAutoConfiguration.WebMvcAutoConfigurationAdapter#beanNameViewResolver:
      Did not match:
         - @ConditionalOnMissingBean (types: org.springframework.web.servlet.view.BeanNameViewResolver; SearchStrategy: all) found beans of type 'org.springframework.web.servlet.view.BeanNameViewResolver' beanNameViewResolver (OnBeanCondition)

   WebServiceTemplateAutoConfiguration:
      Did not match:
         - @ConditionalOnClass did not find required class 'org.springframework.oxm.Marshaller' (OnClassCondition)

   WebServicesAutoConfiguration:
      Did not match:
         - @ConditionalOnClass did not find required class 'org.springframework.ws.transport.http.MessageDispatcherServlet' (OnClassCondition)

   WebSessionIdResolverAutoConfiguration:
      Did not match:
         - @ConditionalOnClass did not find required class 'reactor.core.publisher.Mono' (OnClassCondition)

   WebSocketMessagingAutoConfiguration:
      Did not match:
         - @ConditionalOnClass did not find required class 'org.springframework.web.socket.config.annotation.WebSocketMessageBrokerConfigurer' (OnClassCondition)

   WebSocketReactiveAutoConfiguration:
      Did not match:
         - @ConditionalOnWebApplication did not find reactive web application classes (OnWebApplicationCondition)

   WebSocketServletAutoConfiguration.JettyWebSocketConfiguration:
      Did not match:
         - @ConditionalOnClass did not find required class 'org.eclipse.jetty.ee10.websocket.jakarta.server.config.JakartaWebSocketServletContainerInitializer' (OnClassCondition)

   WebSocketServletAutoConfiguration.UndertowWebSocketConfiguration:
      Did not match:
         - @ConditionalOnClass did not find required class 'io.undertow.websockets.jsr.Bootstrap' (OnClassCondition)

   XADataSourceAutoConfiguration:
      Did not match:
         - @ConditionalOnBean (types: org.springframework.boot.jdbc.XADataSourceWrapper; SearchStrategy: all) did not find any beans of type org.springframework.boot.jdbc.XADataSourceWrapper (OnBeanCondition)
      Matched:
         - @ConditionalOnClass found required classes 'javax.sql.DataSource', 'jakarta.transaction.TransactionManager', 'org.springframework.jdbc.datasource.embedded.EmbeddedDatabaseType' (OnClassCondition)


Exclusions:
-----------

    None


Unconditional classes:
----------------------

    org.springframework.boot.autoconfigure.context.ConfigurationPropertiesAutoConfiguration

    org.springframework.boot.autoconfigure.ssl.SslAutoConfiguration

    org.springframework.boot.autoconfigure.context.LifecycleAutoConfiguration

    org.springframework.boot.autoconfigure.context.PropertyPlaceholderAutoConfiguration

    org.springframework.boot.autoconfigure.availability.ApplicationAvailabilityAutoConfiguration

    org.springframework.boot.autoconfigure.info.ProjectInfoAutoConfiguration



2024-11-14T11:51:28.539-03:00  INFO 13764 --- [usuarios] [           main] c.m.usuarios.UsuariosApplicationTests    : Started UsuariosApplicationTests in 12.463 seconds (process running for 14.455)
2024-11-14T11:51:28.542-03:00 DEBUG 13764 --- [usuarios] [           main] o.s.b.a.ApplicationAvailabilityBean      : Application availability state LivenessState changed to CORRECT
2024-11-14T11:51:28.549-03:00 DEBUG 13764 --- [usuarios] [           main] o.s.boot.devtools.restart.Restarter      : Creating new Restarter for thread Thread[#1,main,5,main]
2024-11-14T11:51:28.550-03:00 DEBUG 13764 --- [usuarios] [           main] o.s.b.a.ApplicationAvailabilityBean      : Application availability state ReadinessState changed to ACCEPTING_TRAFFIC
2024-11-14T11:51:28.556-03:00 DEBUG 13764 --- [usuarios] [           main] org.springframework.test.context.cache   : Spring test ApplicationContext cache statistics: [DefaultContextCache@2087181d size = 1, maxSize = 32, parentContextCount = 0, hitCount = 0, missCount = 1, failureCount = 0]
2024-11-14T11:51:28.556-03:00 DEBUG 13764 --- [usuarios] [           main] o.s.t.c.w.ServletTestExecutionListener   : Setting up MockHttpServletRequest, MockHttpServletResponse, ServletWebRequest, and RequestContextHolder for test class com.microrecetas.usuarios.UsuariosApplicationTests
2024-11-14T11:51:28.583-03:00 DEBUG 13764 --- [usuarios] [           main] DependencyInjectionTestExecutionListener : Performing dependency injection for test class com.microrecetas.usuarios.UsuariosApplicationTests
2024-11-14T11:51:28.584-03:00 DEBUG 13764 --- [usuarios] [           main] org.springframework.test.context.cache   : Spring test ApplicationContext cache statistics: [DefaultContextCache@2087181d size = 1, maxSize = 32, parentContextCount = 0, hitCount = 1, missCount = 1, failureCount = 0]
2024-11-14T11:51:28.586-03:00 DEBUG 13764 --- [usuarios] [           main] org.springframework.test.context.cache   : Spring test ApplicationContext cache statistics: [DefaultContextCache@2087181d size = 1, maxSize = 32, parentContextCount = 0, hitCount = 2, missCount = 1, failureCount = 0]
2024-11-14T11:51:28.595-03:00 DEBUG 13764 --- [usuarios] [           main] sContextBeforeModesTestExecutionListener : Before test method: class [UsuariosApplicationTests], method [contextLoads], class annotated with @DirtiesContext [false] with mode [null], method annotated with @DirtiesContext [false] with mode [null]
2024-11-14T11:51:28.598-03:00 DEBUG 13764 --- [usuarios] [           main] org.springframework.test.context.cache   : Spring test ApplicationContext cache statistics: [DefaultContextCache@2087181d size = 1, maxSize = 32, parentContextCount = 0, hitCount = 3, missCount = 1, failureCount = 0]
2024-11-14T11:51:28.600-03:00 DEBUG 13764 --- [usuarios] [           main] org.springframework.test.context.cache   : Spring test ApplicationContext cache statistics: [DefaultContextCache@2087181d size = 1, maxSize = 32, parentContextCount = 0, hitCount = 4, missCount = 1, failureCount = 0]
2024-11-14T11:51:29.339-03:00 DEBUG 13764 --- [usuarios] [           main] org.springframework.test.context.cache   : Spring test ApplicationContext cache statistics: [DefaultContextCache@2087181d size = 1, maxSize = 32, parentContextCount = 0, hitCount = 5, missCount = 1, failureCount = 0]
2024-11-14T11:51:29.348-03:00 DEBUG 13764 --- [usuarios] [           main] org.springframework.test.context.cache   : Spring test ApplicationContext cache statistics: [DefaultContextCache@2087181d size = 1, maxSize = 32, parentContextCount = 0, hitCount = 6, missCount = 1, failureCount = 0]
2024-11-14T11:51:29.349-03:00 DEBUG 13764 --- [usuarios] [           main] org.springframework.test.context.cache   : Spring test ApplicationContext cache statistics: [DefaultContextCache@2087181d size = 1, maxSize = 32, parentContextCount = 0, hitCount = 7, missCount = 1, failureCount = 0]
2024-11-14T11:51:29.350-03:00 DEBUG 13764 --- [usuarios] [           main] org.springframework.test.context.cache   : Spring test ApplicationContext cache statistics: [DefaultContextCache@2087181d size = 1, maxSize = 32, parentContextCount = 0, hitCount = 8, missCount = 1, failureCount = 0]
2024-11-14T11:51:29.351-03:00 DEBUG 13764 --- [usuarios] [           main] org.springframework.test.context.cache   : Spring test ApplicationContext cache statistics: [DefaultContextCache@2087181d size = 1, maxSize = 32, parentContextCount = 0, hitCount = 9, missCount = 1, failureCount = 0]
2024-11-14T11:51:29.352-03:00 DEBUG 13764 --- [usuarios] [           main] org.springframework.test.context.cache   : Spring test ApplicationContext cache statistics: [DefaultContextCache@2087181d size = 1, maxSize = 32, parentContextCount = 0, hitCount = 10, missCount = 1, failureCount = 0]
2024-11-14T11:51:29.355-03:00 DEBUG 13764 --- [usuarios] [           main] org.springframework.test.context.cache   : Spring test ApplicationContext cache statistics: [DefaultContextCache@2087181d size = 1, maxSize = 32, parentContextCount = 0, hitCount = 11, missCount = 1, failureCount = 0]
2024-11-14T11:51:29.357-03:00 DEBUG 13764 --- [usuarios] [           main] org.springframework.test.context.cache   : Spring test ApplicationContext cache statistics: [DefaultContextCache@2087181d size = 1, maxSize = 32, parentContextCount = 0, hitCount = 12, missCount = 1, failureCount = 0]
2024-11-14T11:51:29.358-03:00 DEBUG 13764 --- [usuarios] [           main] .c.s.DirtiesContextTestExecutionListener : After test method: class [UsuariosApplicationTests], method [contextLoads], class annotated with @DirtiesContext [false] with mode [null], method annotated with @DirtiesContext [false] with mode [null]
2024-11-14T11:51:29.358-03:00 DEBUG 13764 --- [usuarios] [           main] o.s.t.c.w.ServletTestExecutionListener   : Resetting RequestContextHolder for test class com.microrecetas.usuarios.UsuariosApplicationTests
]]></system-out>
    <system-err><![CDATA[WARNING: A Java agent has been loaded dynamically (C:\Users\dario\.m2\repository\net\bytebuddy\byte-buddy-agent\1.14.19\byte-buddy-agent-1.14.19.jar)
WARNING: If a serviceability tool is in use, please run with -XX:+EnableDynamicAgentLoading to hide this warning
WARNING: If a serviceability tool is not in use, please run with -Djdk.instrument.traceUsage for more information
WARNING: Dynamic loading of agents will be disallowed by default in a future release
]]></system-err>
  </testcase>
</testsuite>