<?xml version="1.0" encoding="UTF-8"?>
<testsuite xmlns:xsi="http://www.w3.org/2001/XMLSchema-instance" xsi:noNamespaceSchemaLocation="https://maven.apache.org/surefire/maven-surefire-plugin/xsd/surefire-test-report-3.0.xsd" version="3.0" name="com.microrecetas.usuarios.service.RecetaServiceTest" time="0.242" tests="8" errors="0" skipped="0" failures="0">
  <properties>
[...]
</properties>
  <testcase name="testObtenerNombresDeRecetas" classname="com.microrecetas.usuarios.service.RecetaServiceTest" time="0.011">
    <system-out><![CDATA[2024-12-09T18:08:13.815-03:00 DEBUG 21736 --- [usuarios] [           main] .b.t.c.SpringBootTestContextBootstrapper : Neither @ContextConfiguration nor @ContextHierarchy found for test class [RecetaServiceTest]: using SpringBootContextLoader
2024-12-09T18:08:13.818-03:00 DEBUG 21736 --- [usuarios] [           main] o.s.t.c.support.AbstractContextLoader    : Could not detect default resource locations for test class [com.microrecetas.usuarios.service.RecetaServiceTest]: no resource found for suffixes {-context.xml, Context.groovy}.
2024-12-09T18:08:13.818-03:00  INFO 21736 --- [usuarios] [           main] t.c.s.AnnotationConfigContextLoaderUtils : Could not detect default configuration classes for test class [com.microrecetas.usuarios.service.RecetaServiceTest]: RecetaServiceTest does not declare any static, non-private, non-final, nested classes annotated with @Configuration.
2024-12-09T18:08:13.819-03:00 DEBUG 21736 --- [usuarios] [           main] .b.t.c.SpringBootTestContextBootstrapper : Using ContextCustomizerFactory implementations for test class [RecetaServiceTest]: [ImportsContextCustomizerFactory, ExcludeFilterContextCustomizerFactory, HttpGraphQlTesterContextCustomizerFactory, DuplicateJsonObjectContextCustomizerFactory, MockitoContextCustomizerFactory, TestRestTemplateContextCustomizerFactory, WebTestClientContextCustomizerFactory, DisableReactorResourceFactoryGlobalResourcesContextCustomizerFactory, OnFailureConditionReportContextCustomizerFactory, OverrideAutoConfigurationContextCustomizerFactory, ObservabilityContextCustomizerFactory, TypeExcludeFiltersContextCustomizerFactory, PropertyMappingContextCustomizerFactory, WebDriverContextCustomizerFactory, MockServerContainerContextCustomizerFactory, DynamicPropertiesContextCustomizerFactory]
2024-12-09T18:08:13.822-03:00 DEBUG 21736 --- [usuarios] [           main] .b.t.c.SpringBootTestContextBootstrapper : Using ContextCustomizers for test class [RecetaServiceTest]: [ExcludeFilterContextCustomizer, DuplicateJsonObjectContextCustomizer, MockitoContextCustomizer, TestRestTemplateContextCustomizer, DisableReactorResourceFactoryGlobalResourcesContextCustomizerCustomizer, OnFailureConditionReportContextCustomizer, DisableObservabilityContextCustomizer, PropertyMappingContextCustomizer, WebDriverContextCustomizer]
2024-12-09T18:08:13.841-03:00 DEBUG 21736 --- [usuarios] [           main] ssPathScanningCandidateComponentProvider : Identified candidate component class: file [C:\SeguridadCalidad\Semana5\usuarios-main\target\classes\com\microrecetas\usuarios\UsuariosApplication.class]
2024-12-09T18:08:13.842-03:00  INFO 21736 --- [usuarios] [           main] .b.t.c.SpringBootTestContextBootstrapper : Found @SpringBootConfiguration com.microrecetas.usuarios.UsuariosApplication for test class com.microrecetas.usuarios.service.RecetaServiceTest
2024-12-09T18:08:13.844-03:00 DEBUG 21736 --- [usuarios] [           main] .s.t.c.u.TestContextSpringFactoriesUtils : Skipping candidate TestExecutionListener [org.springframework.test.context.observation.MicrometerObservationRegistryTestExecutionListener] due to a missing dependency. Specify custom TestExecutionListener classes or make the default TestExecutionListener classes and their required dependencies available. Offending class: io.micrometer.context.ThreadLocalAccessor. MicrometerObservationRegistryTestExecutionListener requires io.micrometer:micrometer-observation:1.10.8 or higher and io.micrometer:context-propagation:1.0.3 or higher.
2024-12-09T18:08:13.845-03:00 DEBUG 21736 --- [usuarios] [           main] .b.t.c.SpringBootTestContextBootstrapper : Using TestExecutionListeners for test class [RecetaServiceTest]: [ServletTestExecutionListener, DirtiesContextBeforeModesTestExecutionListener, ApplicationEventsTestExecutionListener, MockitoTestExecutionListener, DependencyInjectionTestExecutionListener, DirtiesContextTestExecutionListener, TransactionalTestExecutionListener, SqlScriptsTestExecutionListener, EventPublishingTestExecutionListener, WithSecurityContextTestExecutionListener, ReactorContextTestExecutionListener, ResetMocksTestExecutionListener, RestDocsTestExecutionListener, MockRestServiceServerResetTestExecutionListener, MockMvcPrintOnlyOnFailureTestExecutionListener, WebDriverTestExecutionListener, MockWebServiceServerTestExecutionListener]
2024-12-09T18:08:13.845-03:00 DEBUG 21736 --- [usuarios] [           main] sContextBeforeModesTestExecutionListener : Before test class: class [RecetaServiceTest], class annotated with @DirtiesContext [false] with mode [null]
2024-12-09T18:08:13.846-03:00 DEBUG 21736 --- [usuarios] [           main] org.springframework.test.context.cache   : Spring test ApplicationContext cache statistics: [DefaultContextCache@3e4141cf size = 1, maxSize = 32, parentContextCount = 0, hitCount = 94, missCount = 1, failureCount = 0]
2024-12-09T18:08:13.847-03:00 DEBUG 21736 --- [usuarios] [           main] org.springframework.test.context.cache   : Spring test ApplicationContext cache statistics: [DefaultContextCache@3e4141cf size = 1, maxSize = 32, parentContextCount = 0, hitCount = 95, missCount = 1, failureCount = 0]
2024-12-09T18:08:13.847-03:00 DEBUG 21736 --- [usuarios] [           main] o.s.t.c.w.ServletTestExecutionListener   : Setting up MockHttpServletRequest, MockHttpServletResponse, ServletWebRequest, and RequestContextHolder for test class com.microrecetas.usuarios.service.RecetaServiceTest
2024-12-09T18:08:13.941-03:00 DEBUG 21736 --- [usuarios] [           main] DependencyInjectionTestExecutionListener : Performing dependency injection for test class com.microrecetas.usuarios.service.RecetaServiceTest
2024-12-09T18:08:13.942-03:00 DEBUG 21736 --- [usuarios] [           main] org.springframework.test.context.cache   : Spring test ApplicationContext cache statistics: [DefaultContextCache@3e4141cf size = 1, maxSize = 32, parentContextCount = 0, hitCount = 96, missCount = 1, failureCount = 0]
2024-12-09T18:08:13.942-03:00 DEBUG 21736 --- [usuarios] [           main] org.springframework.test.context.cache   : Spring test ApplicationContext cache statistics: [DefaultContextCache@3e4141cf size = 1, maxSize = 32, parentContextCount = 0, hitCount = 97, missCount = 1, failureCount = 0]
2024-12-09T18:08:13.943-03:00 DEBUG 21736 --- [usuarios] [           main] sContextBeforeModesTestExecutionListener : Before test method: class [RecetaServiceTest], method [testObtenerNombresDeRecetas], class annotated with @DirtiesContext [false] with mode [null], method annotated with @DirtiesContext [false] with mode [null]
2024-12-09T18:08:13.944-03:00 DEBUG 21736 --- [usuarios] [           main] org.springframework.test.context.cache   : Spring test ApplicationContext cache statistics: [DefaultContextCache@3e4141cf size = 1, maxSize = 32, parentContextCount = 0, hitCount = 98, missCount = 1, failureCount = 0]
2024-12-09T18:08:13.944-03:00 DEBUG 21736 --- [usuarios] [           main] org.springframework.test.context.cache   : Spring test ApplicationContext cache statistics: [DefaultContextCache@3e4141cf size = 1, maxSize = 32, parentContextCount = 0, hitCount = 99, missCount = 1, failureCount = 0]
2024-12-09T18:08:13.947-03:00 DEBUG 21736 --- [usuarios] [           main] org.springframework.test.context.cache   : Spring test ApplicationContext cache statistics: [DefaultContextCache@3e4141cf size = 1, maxSize = 32, parentContextCount = 0, hitCount = 100, missCount = 1, failureCount = 0]
2024-12-09T18:08:13.948-03:00 DEBUG 21736 --- [usuarios] [           main] org.springframework.test.context.cache   : Spring test ApplicationContext cache statistics: [DefaultContextCache@3e4141cf size = 1, maxSize = 32, parentContextCount = 0, hitCount = 101, missCount = 1, failureCount = 0]
2024-12-09T18:08:13.949-03:00 DEBUG 21736 --- [usuarios] [           main] org.springframework.test.context.cache   : Spring test ApplicationContext cache statistics: [DefaultContextCache@3e4141cf size = 1, maxSize = 32, parentContextCount = 0, hitCount = 102, missCount = 1, failureCount = 0]
2024-12-09T18:08:13.949-03:00 DEBUG 21736 --- [usuarios] [           main] org.springframework.test.context.cache   : Spring test ApplicationContext cache statistics: [DefaultContextCache@3e4141cf size = 1, maxSize = 32, parentContextCount = 0, hitCount = 103, missCount = 1, failureCount = 0]
2024-12-09T18:08:13.949-03:00 DEBUG 21736 --- [usuarios] [           main] org.springframework.test.context.cache   : Spring test ApplicationContext cache statistics: [DefaultContextCache@3e4141cf size = 1, maxSize = 32, parentContextCount = 0, hitCount = 104, missCount = 1, failureCount = 0]
2024-12-09T18:08:13.950-03:00 DEBUG 21736 --- [usuarios] [           main] org.springframework.test.context.cache   : Spring test ApplicationContext cache statistics: [DefaultContextCache@3e4141cf size = 1, maxSize = 32, parentContextCount = 0, hitCount = 105, missCount = 1, failureCount = 0]
2024-12-09T18:08:13.952-03:00 DEBUG 21736 --- [usuarios] [           main] org.springframework.test.context.cache   : Spring test ApplicationContext cache statistics: [DefaultContextCache@3e4141cf size = 1, maxSize = 32, parentContextCount = 0, hitCount = 106, missCount = 1, failureCount = 0]
2024-12-09T18:08:13.952-03:00 DEBUG 21736 --- [usuarios] [           main] org.springframework.test.context.cache   : Spring test ApplicationContext cache statistics: [DefaultContextCache@3e4141cf size = 1, maxSize = 32, parentContextCount = 0, hitCount = 107, missCount = 1, failureCount = 0]
2024-12-09T18:08:13.953-03:00 DEBUG 21736 --- [usuarios] [           main] .c.s.DirtiesContextTestExecutionListener : After test method: class [RecetaServiceTest], method [testObtenerNombresDeRecetas], class annotated with @DirtiesContext [false] with mode [null], method annotated with @DirtiesContext [false] with mode [null]
2024-12-09T18:08:13.953-03:00 DEBUG 21736 --- [usuarios] [           main] o.s.t.c.w.ServletTestExecutionListener   : Resetting RequestContextHolder for test class com.microrecetas.usuarios.service.RecetaServiceTest
]]></system-out>
  </testcase>
  <testcase name="testBuscarRecetaPorNombre" classname="com.microrecetas.usuarios.service.RecetaServiceTest" time="0.014">
    <system-out><![CDATA[2024-12-09T18:08:13.954-03:00 DEBUG 21736 --- [usuarios] [           main] org.springframework.test.context.cache   : Spring test ApplicationContext cache statistics: [DefaultContextCache@3e4141cf size = 1, maxSize = 32, parentContextCount = 0, hitCount = 108, missCount = 1, failureCount = 0]
2024-12-09T18:08:13.954-03:00 DEBUG 21736 --- [usuarios] [           main] o.s.t.c.w.ServletTestExecutionListener   : Setting up MockHttpServletRequest, MockHttpServletResponse, ServletWebRequest, and RequestContextHolder for test class com.microrecetas.usuarios.service.RecetaServiceTest
2024-12-09T18:08:13.956-03:00 DEBUG 21736 --- [usuarios] [           main] DependencyInjectionTestExecutionListener : Performing dependency injection for test class com.microrecetas.usuarios.service.RecetaServiceTest
2024-12-09T18:08:13.956-03:00 DEBUG 21736 --- [usuarios] [           main] org.springframework.test.context.cache   : Spring test ApplicationContext cache statistics: [DefaultContextCache@3e4141cf size = 1, maxSize = 32, parentContextCount = 0, hitCount = 109, missCount = 1, failureCount = 0]
2024-12-09T18:08:13.957-03:00 DEBUG 21736 --- [usuarios] [           main] org.springframework.test.context.cache   : Spring test ApplicationContext cache statistics: [DefaultContextCache@3e4141cf size = 1, maxSize = 32, parentContextCount = 0, hitCount = 110, missCount = 1, failureCount = 0]
2024-12-09T18:08:13.958-03:00 DEBUG 21736 --- [usuarios] [           main] sContextBeforeModesTestExecutionListener : Before test method: class [RecetaServiceTest], method [testBuscarRecetaPorNombre], class annotated with @DirtiesContext [false] with mode [null], method annotated with @DirtiesContext [false] with mode [null]
2024-12-09T18:08:13.959-03:00 DEBUG 21736 --- [usuarios] [           main] org.springframework.test.context.cache   : Spring test ApplicationContext cache statistics: [DefaultContextCache@3e4141cf size = 1, maxSize = 32, parentContextCount = 0, hitCount = 111, missCount = 1, failureCount = 0]
2024-12-09T18:08:13.959-03:00 DEBUG 21736 --- [usuarios] [           main] org.springframework.test.context.cache   : Spring test ApplicationContext cache statistics: [DefaultContextCache@3e4141cf size = 1, maxSize = 32, parentContextCount = 0, hitCount = 112, missCount = 1, failureCount = 0]
2024-12-09T18:08:13.963-03:00 DEBUG 21736 --- [usuarios] [           main] org.springframework.test.context.cache   : Spring test ApplicationContext cache statistics: [DefaultContextCache@3e4141cf size = 1, maxSize = 32, parentContextCount = 0, hitCount = 113, missCount = 1, failureCount = 0]
2024-12-09T18:08:13.965-03:00 DEBUG 21736 --- [usuarios] [           main] org.springframework.test.context.cache   : Spring test ApplicationContext cache statistics: [DefaultContextCache@3e4141cf size = 1, maxSize = 32, parentContextCount = 0, hitCount = 114, missCount = 1, failureCount = 0]
2024-12-09T18:08:13.966-03:00 DEBUG 21736 --- [usuarios] [           main] org.springframework.test.context.cache   : Spring test ApplicationContext cache statistics: [DefaultContextCache@3e4141cf size = 1, maxSize = 32, parentContextCount = 0, hitCount = 115, missCount = 1, failureCount = 0]
2024-12-09T18:08:13.966-03:00 DEBUG 21736 --- [usuarios] [           main] org.springframework.test.context.cache   : Spring test ApplicationContext cache statistics: [DefaultContextCache@3e4141cf size = 1, maxSize = 32, parentContextCount = 0, hitCount = 116, missCount = 1, failureCount = 0]
2024-12-09T18:08:13.967-03:00 DEBUG 21736 --- [usuarios] [           main] org.springframework.test.context.cache   : Spring test ApplicationContext cache statistics: [DefaultContextCache@3e4141cf size = 1, maxSize = 32, parentContextCount = 0, hitCount = 117, missCount = 1, failureCount = 0]
2024-12-09T18:08:13.968-03:00 DEBUG 21736 --- [usuarios] [           main] org.springframework.test.context.cache   : Spring test ApplicationContext cache statistics: [DefaultContextCache@3e4141cf size = 1, maxSize = 32, parentContextCount = 0, hitCount = 118, missCount = 1, failureCount = 0]
2024-12-09T18:08:13.970-03:00 DEBUG 21736 --- [usuarios] [           main] org.springframework.test.context.cache   : Spring test ApplicationContext cache statistics: [DefaultContextCache@3e4141cf size = 1, maxSize = 32, parentContextCount = 0, hitCount = 119, missCount = 1, failureCount = 0]
2024-12-09T18:08:13.970-03:00 DEBUG 21736 --- [usuarios] [           main] org.springframework.test.context.cache   : Spring test ApplicationContext cache statistics: [DefaultContextCache@3e4141cf size = 1, maxSize = 32, parentContextCount = 0, hitCount = 120, missCount = 1, failureCount = 0]
2024-12-09T18:08:13.970-03:00 DEBUG 21736 --- [usuarios] [           main] .c.s.DirtiesContextTestExecutionListener : After test method: class [RecetaServiceTest], method [testBuscarRecetaPorNombre], class annotated with @DirtiesContext [false] with mode [null], method annotated with @DirtiesContext [false] with mode [null]
2024-12-09T18:08:13.970-03:00 DEBUG 21736 --- [usuarios] [           main] o.s.t.c.w.ServletTestExecutionListener   : Resetting RequestContextHolder for test class com.microrecetas.usuarios.service.RecetaServiceTest
]]></system-out>
  </testcase>
  <testcase name="testObtenerRecetaPorId" classname="com.microrecetas.usuarios.service.RecetaServiceTest" time="0.011">
    <system-out><![CDATA[2024-12-09T18:08:13.972-03:00 DEBUG 21736 --- [usuarios] [           main] org.springframework.test.context.cache   : Spring test ApplicationContext cache statistics: [DefaultContextCache@3e4141cf size = 1, maxSize = 32, parentContextCount = 0, hitCount = 121, missCount = 1, failureCount = 0]
2024-12-09T18:08:13.972-03:00 DEBUG 21736 --- [usuarios] [           main] o.s.t.c.w.ServletTestExecutionListener   : Setting up MockHttpServletRequest, MockHttpServletResponse, ServletWebRequest, and RequestContextHolder for test class com.microrecetas.usuarios.service.RecetaServiceTest
2024-12-09T18:08:13.973-03:00 DEBUG 21736 --- [usuarios] [           main] DependencyInjectionTestExecutionListener : Performing dependency injection for test class com.microrecetas.usuarios.service.RecetaServiceTest
2024-12-09T18:08:13.974-03:00 DEBUG 21736 --- [usuarios] [           main] org.springframework.test.context.cache   : Spring test ApplicationContext cache statistics: [DefaultContextCache@3e4141cf size = 1, maxSize = 32, parentContextCount = 0, hitCount = 122, missCount = 1, failureCount = 0]
2024-12-09T18:08:13.974-03:00 DEBUG 21736 --- [usuarios] [           main] org.springframework.test.context.cache   : Spring test ApplicationContext cache statistics: [DefaultContextCache@3e4141cf size = 1, maxSize = 32, parentContextCount = 0, hitCount = 123, missCount = 1, failureCount = 0]
2024-12-09T18:08:13.975-03:00 DEBUG 21736 --- [usuarios] [           main] sContextBeforeModesTestExecutionListener : Before test method: class [RecetaServiceTest], method [testObtenerRecetaPorId], class annotated with @DirtiesContext [false] with mode [null], method annotated with @DirtiesContext [false] with mode [null]
2024-12-09T18:08:13.976-03:00 DEBUG 21736 --- [usuarios] [           main] org.springframework.test.context.cache   : Spring test ApplicationContext cache statistics: [DefaultContextCache@3e4141cf size = 1, maxSize = 32, parentContextCount = 0, hitCount = 124, missCount = 1, failureCount = 0]
2024-12-09T18:08:13.977-03:00 DEBUG 21736 --- [usuarios] [           main] org.springframework.test.context.cache   : Spring test ApplicationContext cache statistics: [DefaultContextCache@3e4141cf size = 1, maxSize = 32, parentContextCount = 0, hitCount = 125, missCount = 1, failureCount = 0]
2024-12-09T18:08:13.978-03:00 DEBUG 21736 --- [usuarios] [           main] org.springframework.test.context.cache   : Spring test ApplicationContext cache statistics: [DefaultContextCache@3e4141cf size = 1, maxSize = 32, parentContextCount = 0, hitCount = 126, missCount = 1, failureCount = 0]
2024-12-09T18:08:13.980-03:00 DEBUG 21736 --- [usuarios] [           main] org.springframework.test.context.cache   : Spring test ApplicationContext cache statistics: [DefaultContextCache@3e4141cf size = 1, maxSize = 32, parentContextCount = 0, hitCount = 127, missCount = 1, failureCount = 0]
2024-12-09T18:08:13.980-03:00 DEBUG 21736 --- [usuarios] [           main] org.springframework.test.context.cache   : Spring test ApplicationContext cache statistics: [DefaultContextCache@3e4141cf size = 1, maxSize = 32, parentContextCount = 0, hitCount = 128, missCount = 1, failureCount = 0]
2024-12-09T18:08:13.980-03:00 DEBUG 21736 --- [usuarios] [           main] org.springframework.test.context.cache   : Spring test ApplicationContext cache statistics: [DefaultContextCache@3e4141cf size = 1, maxSize = 32, parentContextCount = 0, hitCount = 129, missCount = 1, failureCount = 0]
2024-12-09T18:08:13.980-03:00 DEBUG 21736 --- [usuarios] [           main] org.springframework.test.context.cache   : Spring test ApplicationContext cache statistics: [DefaultContextCache@3e4141cf size = 1, maxSize = 32, parentContextCount = 0, hitCount = 130, missCount = 1, failureCount = 0]
2024-12-09T18:08:13.982-03:00 DEBUG 21736 --- [usuarios] [           main] org.springframework.test.context.cache   : Spring test ApplicationContext cache statistics: [DefaultContextCache@3e4141cf size = 1, maxSize = 32, parentContextCount = 0, hitCount = 131, missCount = 1, failureCount = 0]
2024-12-09T18:08:13.983-03:00 DEBUG 21736 --- [usuarios] [           main] org.springframework.test.context.cache   : Spring test ApplicationContext cache statistics: [DefaultContextCache@3e4141cf size = 1, maxSize = 32, parentContextCount = 0, hitCount = 132, missCount = 1, failureCount = 0]
2024-12-09T18:08:13.984-03:00 DEBUG 21736 --- [usuarios] [           main] org.springframework.test.context.cache   : Spring test ApplicationContext cache statistics: [DefaultContextCache@3e4141cf size = 1, maxSize = 32, parentContextCount = 0, hitCount = 133, missCount = 1, failureCount = 0]
2024-12-09T18:08:13.985-03:00 DEBUG 21736 --- [usuarios] [           main] .c.s.DirtiesContextTestExecutionListener : After test method: class [RecetaServiceTest], method [testObtenerRecetaPorId], class annotated with @DirtiesContext [false] with mode [null], method annotated with @DirtiesContext [false] with mode [null]
2024-12-09T18:08:13.985-03:00 DEBUG 21736 --- [usuarios] [           main] o.s.t.c.w.ServletTestExecutionListener   : Resetting RequestContextHolder for test class com.microrecetas.usuarios.service.RecetaServiceTest
]]></system-out>
  </testcase>
  <testcase name="testCrearReceta" classname="com.microrecetas.usuarios.service.RecetaServiceTest" time="0.011">
    <system-out><![CDATA[2024-12-09T18:08:13.986-03:00 DEBUG 21736 --- [usuarios] [           main] org.springframework.test.context.cache   : Spring test ApplicationContext cache statistics: [DefaultContextCache@3e4141cf size = 1, maxSize = 32, parentContextCount = 0, hitCount = 134, missCount = 1, failureCount = 0]
2024-12-09T18:08:13.986-03:00 DEBUG 21736 --- [usuarios] [           main] o.s.t.c.w.ServletTestExecutionListener   : Setting up MockHttpServletRequest, MockHttpServletResponse, ServletWebRequest, and RequestContextHolder for test class com.microrecetas.usuarios.service.RecetaServiceTest
2024-12-09T18:08:13.987-03:00 DEBUG 21736 --- [usuarios] [           main] DependencyInjectionTestExecutionListener : Performing dependency injection for test class com.microrecetas.usuarios.service.RecetaServiceTest
2024-12-09T18:08:13.988-03:00 DEBUG 21736 --- [usuarios] [           main] org.springframework.test.context.cache   : Spring test ApplicationContext cache statistics: [DefaultContextCache@3e4141cf size = 1, maxSize = 32, parentContextCount = 0, hitCount = 135, missCount = 1, failureCount = 0]
2024-12-09T18:08:13.988-03:00 DEBUG 21736 --- [usuarios] [           main] org.springframework.test.context.cache   : Spring test ApplicationContext cache statistics: [DefaultContextCache@3e4141cf size = 1, maxSize = 32, parentContextCount = 0, hitCount = 136, missCount = 1, failureCount = 0]
2024-12-09T18:08:13.990-03:00 DEBUG 21736 --- [usuarios] [           main] sContextBeforeModesTestExecutionListener : Before test method: class [RecetaServiceTest], method [testCrearReceta], class annotated with @DirtiesContext [false] with mode [null], method annotated with @DirtiesContext [false] with mode [null]
2024-12-09T18:08:13.990-03:00 DEBUG 21736 --- [usuarios] [           main] org.springframework.test.context.cache   : Spring test ApplicationContext cache statistics: [DefaultContextCache@3e4141cf size = 1, maxSize = 32, parentContextCount = 0, hitCount = 137, missCount = 1, failureCount = 0]
2024-12-09T18:08:13.991-03:00 DEBUG 21736 --- [usuarios] [           main] org.springframework.test.context.cache   : Spring test ApplicationContext cache statistics: [DefaultContextCache@3e4141cf size = 1, maxSize = 32, parentContextCount = 0, hitCount = 138, missCount = 1, failureCount = 0]
2024-12-09T18:08:13.992-03:00 DEBUG 21736 --- [usuarios] [           main] org.springframework.test.context.cache   : Spring test ApplicationContext cache statistics: [DefaultContextCache@3e4141cf size = 1, maxSize = 32, parentContextCount = 0, hitCount = 139, missCount = 1, failureCount = 0]
2024-12-09T18:08:13.996-03:00 DEBUG 21736 --- [usuarios] [           main] org.springframework.test.context.cache   : Spring test ApplicationContext cache statistics: [DefaultContextCache@3e4141cf size = 1, maxSize = 32, parentContextCount = 0, hitCount = 140, missCount = 1, failureCount = 0]
2024-12-09T18:08:13.997-03:00 DEBUG 21736 --- [usuarios] [           main] org.springframework.test.context.cache   : Spring test ApplicationContext cache statistics: [DefaultContextCache@3e4141cf size = 1, maxSize = 32, parentContextCount = 0, hitCount = 141, missCount = 1, failureCount = 0]
2024-12-09T18:08:13.997-03:00 DEBUG 21736 --- [usuarios] [           main] org.springframework.test.context.cache   : Spring test ApplicationContext cache statistics: [DefaultContextCache@3e4141cf size = 1, maxSize = 32, parentContextCount = 0, hitCount = 142, missCount = 1, failureCount = 0]
2024-12-09T18:08:13.998-03:00 DEBUG 21736 --- [usuarios] [           main] org.springframework.test.context.cache   : Spring test ApplicationContext cache statistics: [DefaultContextCache@3e4141cf size = 1, maxSize = 32, parentContextCount = 0, hitCount = 143, missCount = 1, failureCount = 0]
2024-12-09T18:08:13.999-03:00 DEBUG 21736 --- [usuarios] [           main] org.springframework.test.context.cache   : Spring test ApplicationContext cache statistics: [DefaultContextCache@3e4141cf size = 1, maxSize = 32, parentContextCount = 0, hitCount = 144, missCount = 1, failureCount = 0]
2024-12-09T18:08:14.000-03:00 DEBUG 21736 --- [usuarios] [           main] org.springframework.test.context.cache   : Spring test ApplicationContext cache statistics: [DefaultContextCache@3e4141cf size = 1, maxSize = 32, parentContextCount = 0, hitCount = 145, missCount = 1, failureCount = 0]
2024-12-09T18:08:14.000-03:00 DEBUG 21736 --- [usuarios] [           main] org.springframework.test.context.cache   : Spring test ApplicationContext cache statistics: [DefaultContextCache@3e4141cf size = 1, maxSize = 32, parentContextCount = 0, hitCount = 146, missCount = 1, failureCount = 0]
2024-12-09T18:08:14.000-03:00 DEBUG 21736 --- [usuarios] [           main] .c.s.DirtiesContextTestExecutionListener : After test method: class [RecetaServiceTest], method [testCrearReceta], class annotated with @DirtiesContext [false] with mode [null], method annotated with @DirtiesContext [false] with mode [null]
2024-12-09T18:08:14.000-03:00 DEBUG 21736 --- [usuarios] [           main] o.s.t.c.w.ServletTestExecutionListener   : Resetting RequestContextHolder for test class com.microrecetas.usuarios.service.RecetaServiceTest
]]></system-out>
  </testcase>
  <testcase name="testGuardarRecetas" classname="com.microrecetas.usuarios.service.RecetaServiceTest" time="0.012">
    <system-out><![CDATA[2024-12-09T18:08:14.001-03:00 DEBUG 21736 --- [usuarios] [           main] org.springframework.test.context.cache   : Spring test ApplicationContext cache statistics: [DefaultContextCache@3e4141cf size = 1, maxSize = 32, parentContextCount = 0, hitCount = 147, missCount = 1, failureCount = 0]
2024-12-09T18:08:14.002-03:00 DEBUG 21736 --- [usuarios] [           main] o.s.t.c.w.ServletTestExecutionListener   : Setting up MockHttpServletRequest, MockHttpServletResponse, ServletWebRequest, and RequestContextHolder for test class com.microrecetas.usuarios.service.RecetaServiceTest
2024-12-09T18:08:14.003-03:00 DEBUG 21736 --- [usuarios] [           main] DependencyInjectionTestExecutionListener : Performing dependency injection for test class com.microrecetas.usuarios.service.RecetaServiceTest
2024-12-09T18:08:14.003-03:00 DEBUG 21736 --- [usuarios] [           main] org.springframework.test.context.cache   : Spring test ApplicationContext cache statistics: [DefaultContextCache@3e4141cf size = 1, maxSize = 32, parentContextCount = 0, hitCount = 148, missCount = 1, failureCount = 0]
2024-12-09T18:08:14.004-03:00 DEBUG 21736 --- [usuarios] [           main] org.springframework.test.context.cache   : Spring test ApplicationContext cache statistics: [DefaultContextCache@3e4141cf size = 1, maxSize = 32, parentContextCount = 0, hitCount = 149, missCount = 1, failureCount = 0]
2024-12-09T18:08:14.006-03:00 DEBUG 21736 --- [usuarios] [           main] sContextBeforeModesTestExecutionListener : Before test method: class [RecetaServiceTest], method [testGuardarRecetas], class annotated with @DirtiesContext [false] with mode [null], method annotated with @DirtiesContext [false] with mode [null]
2024-12-09T18:08:14.006-03:00 DEBUG 21736 --- [usuarios] [           main] org.springframework.test.context.cache   : Spring test ApplicationContext cache statistics: [DefaultContextCache@3e4141cf size = 1, maxSize = 32, parentContextCount = 0, hitCount = 150, missCount = 1, failureCount = 0]
2024-12-09T18:08:14.007-03:00 DEBUG 21736 --- [usuarios] [           main] org.springframework.test.context.cache   : Spring test ApplicationContext cache statistics: [DefaultContextCache@3e4141cf size = 1, maxSize = 32, parentContextCount = 0, hitCount = 151, missCount = 1, failureCount = 0]
2024-12-09T18:08:14.008-03:00 DEBUG 21736 --- [usuarios] [           main] org.springframework.test.context.cache   : Spring test ApplicationContext cache statistics: [DefaultContextCache@3e4141cf size = 1, maxSize = 32, parentContextCount = 0, hitCount = 152, missCount = 1, failureCount = 0]
2024-12-09T18:08:14.011-03:00 DEBUG 21736 --- [usuarios] [           main] org.springframework.test.context.cache   : Spring test ApplicationContext cache statistics: [DefaultContextCache@3e4141cf size = 1, maxSize = 32, parentContextCount = 0, hitCount = 153, missCount = 1, failureCount = 0]
2024-12-09T18:08:14.012-03:00 DEBUG 21736 --- [usuarios] [           main] org.springframework.test.context.cache   : Spring test ApplicationContext cache statistics: [DefaultContextCache@3e4141cf size = 1, maxSize = 32, parentContextCount = 0, hitCount = 154, missCount = 1, failureCount = 0]
2024-12-09T18:08:14.012-03:00 DEBUG 21736 --- [usuarios] [           main] org.springframework.test.context.cache   : Spring test ApplicationContext cache statistics: [DefaultContextCache@3e4141cf size = 1, maxSize = 32, parentContextCount = 0, hitCount = 155, missCount = 1, failureCount = 0]
2024-12-09T18:08:14.012-03:00 DEBUG 21736 --- [usuarios] [           main] org.springframework.test.context.cache   : Spring test ApplicationContext cache statistics: [DefaultContextCache@3e4141cf size = 1, maxSize = 32, parentContextCount = 0, hitCount = 156, missCount = 1, failureCount = 0]
2024-12-09T18:08:14.013-03:00 DEBUG 21736 --- [usuarios] [           main] org.springframework.test.context.cache   : Spring test ApplicationContext cache statistics: [DefaultContextCache@3e4141cf size = 1, maxSize = 32, parentContextCount = 0, hitCount = 157, missCount = 1, failureCount = 0]
2024-12-09T18:08:14.015-03:00 DEBUG 21736 --- [usuarios] [           main] org.springframework.test.context.cache   : Spring test ApplicationContext cache statistics: [DefaultContextCache@3e4141cf size = 1, maxSize = 32, parentContextCount = 0, hitCount = 158, missCount = 1, failureCount = 0]
2024-12-09T18:08:14.015-03:00 DEBUG 21736 --- [usuarios] [           main] org.springframework.test.context.cache   : Spring test ApplicationContext cache statistics: [DefaultContextCache@3e4141cf size = 1, maxSize = 32, parentContextCount = 0, hitCount = 159, missCount = 1, failureCount = 0]
2024-12-09T18:08:14.015-03:00 DEBUG 21736 --- [usuarios] [           main] .c.s.DirtiesContextTestExecutionListener : After test method: class [RecetaServiceTest], method [testGuardarRecetas], class annotated with @DirtiesContext [false] with mode [null], method annotated with @DirtiesContext [false] with mode [null]
2024-12-09T18:08:14.016-03:00 DEBUG 21736 --- [usuarios] [           main] o.s.t.c.w.ServletTestExecutionListener   : Resetting RequestContextHolder for test class com.microrecetas.usuarios.service.RecetaServiceTest
]]></system-out>
  </testcase>
  <testcase name="testObtenerTodasLasRecetas" classname="com.microrecetas.usuarios.service.RecetaServiceTest" time="0.01">
    <system-out><![CDATA[2024-12-09T18:08:14.017-03:00 DEBUG 21736 --- [usuarios] [           main] org.springframework.test.context.cache   : Spring test ApplicationContext cache statistics: [DefaultContextCache@3e4141cf size = 1, maxSize = 32, parentContextCount = 0, hitCount = 160, missCount = 1, failureCount = 0]
2024-12-09T18:08:14.017-03:00 DEBUG 21736 --- [usuarios] [           main] o.s.t.c.w.ServletTestExecutionListener   : Setting up MockHttpServletRequest, MockHttpServletResponse, ServletWebRequest, and RequestContextHolder for test class com.microrecetas.usuarios.service.RecetaServiceTest
2024-12-09T18:08:14.018-03:00 DEBUG 21736 --- [usuarios] [           main] DependencyInjectionTestExecutionListener : Performing dependency injection for test class com.microrecetas.usuarios.service.RecetaServiceTest
2024-12-09T18:08:14.018-03:00 DEBUG 21736 --- [usuarios] [           main] org.springframework.test.context.cache   : Spring test ApplicationContext cache statistics: [DefaultContextCache@3e4141cf size = 1, maxSize = 32, parentContextCount = 0, hitCount = 161, missCount = 1, failureCount = 0]
2024-12-09T18:08:14.019-03:00 DEBUG 21736 --- [usuarios] [           main] org.springframework.test.context.cache   : Spring test ApplicationContext cache statistics: [DefaultContextCache@3e4141cf size = 1, maxSize = 32, parentContextCount = 0, hitCount = 162, missCount = 1, failureCount = 0]
2024-12-09T18:08:14.020-03:00 DEBUG 21736 --- [usuarios] [           main] sContextBeforeModesTestExecutionListener : Before test method: class [RecetaServiceTest], method [testObtenerTodasLasRecetas], class annotated with @DirtiesContext [false] with mode [null], method annotated with @DirtiesContext [false] with mode [null]
2024-12-09T18:08:14.020-03:00 DEBUG 21736 --- [usuarios] [           main] org.springframework.test.context.cache   : Spring test ApplicationContext cache statistics: [DefaultContextCache@3e4141cf size = 1, maxSize = 32, parentContextCount = 0, hitCount = 163, missCount = 1, failureCount = 0]
2024-12-09T18:08:14.020-03:00 DEBUG 21736 --- [usuarios] [           main] org.springframework.test.context.cache   : Spring test ApplicationContext cache statistics: [DefaultContextCache@3e4141cf size = 1, maxSize = 32, parentContextCount = 0, hitCount = 164, missCount = 1, failureCount = 0]
2024-12-09T18:08:14.022-03:00 DEBUG 21736 --- [usuarios] [           main] org.springframework.test.context.cache   : Spring test ApplicationContext cache statistics: [DefaultContextCache@3e4141cf size = 1, maxSize = 32, parentContextCount = 0, hitCount = 165, missCount = 1, failureCount = 0]
2024-12-09T18:08:14.023-03:00 DEBUG 21736 --- [usuarios] [           main] org.springframework.test.context.cache   : Spring test ApplicationContext cache statistics: [DefaultContextCache@3e4141cf size = 1, maxSize = 32, parentContextCount = 0, hitCount = 166, missCount = 1, failureCount = 0]
2024-12-09T18:08:14.024-03:00 DEBUG 21736 --- [usuarios] [           main] org.springframework.test.context.cache   : Spring test ApplicationContext cache statistics: [DefaultContextCache@3e4141cf size = 1, maxSize = 32, parentContextCount = 0, hitCount = 167, missCount = 1, failureCount = 0]
2024-12-09T18:08:14.024-03:00 DEBUG 21736 --- [usuarios] [           main] org.springframework.test.context.cache   : Spring test ApplicationContext cache statistics: [DefaultContextCache@3e4141cf size = 1, maxSize = 32, parentContextCount = 0, hitCount = 168, missCount = 1, failureCount = 0]
2024-12-09T18:08:14.024-03:00 DEBUG 21736 --- [usuarios] [           main] org.springframework.test.context.cache   : Spring test ApplicationContext cache statistics: [DefaultContextCache@3e4141cf size = 1, maxSize = 32, parentContextCount = 0, hitCount = 169, missCount = 1, failureCount = 0]
2024-12-09T18:08:14.025-03:00 DEBUG 21736 --- [usuarios] [           main] org.springframework.test.context.cache   : Spring test ApplicationContext cache statistics: [DefaultContextCache@3e4141cf size = 1, maxSize = 32, parentContextCount = 0, hitCount = 170, missCount = 1, failureCount = 0]
2024-12-09T18:08:14.026-03:00 DEBUG 21736 --- [usuarios] [           main] org.springframework.test.context.cache   : Spring test ApplicationContext cache statistics: [DefaultContextCache@3e4141cf size = 1, maxSize = 32, parentContextCount = 0, hitCount = 171, missCount = 1, failureCount = 0]
2024-12-09T18:08:14.027-03:00 DEBUG 21736 --- [usuarios] [           main] org.springframework.test.context.cache   : Spring test ApplicationContext cache statistics: [DefaultContextCache@3e4141cf size = 1, maxSize = 32, parentContextCount = 0, hitCount = 172, missCount = 1, failureCount = 0]
2024-12-09T18:08:14.028-03:00 DEBUG 21736 --- [usuarios] [           main] .c.s.DirtiesContextTestExecutionListener : After test method: class [RecetaServiceTest], method [testObtenerTodasLasRecetas], class annotated with @DirtiesContext [false] with mode [null], method annotated with @DirtiesContext [false] with mode [null]
2024-12-09T18:08:14.028-03:00 DEBUG 21736 --- [usuarios] [           main] o.s.t.c.w.ServletTestExecutionListener   : Resetting RequestContextHolder for test class com.microrecetas.usuarios.service.RecetaServiceTest
]]></system-out>
  </testcase>
  <testcase name="testEliminarReceta" classname="com.microrecetas.usuarios.service.RecetaServiceTest" time="0.007">
    <system-out><![CDATA[2024-12-09T18:08:14.031-03:00 DEBUG 21736 --- [usuarios] [           main] org.springframework.test.context.cache   : Spring test ApplicationContext cache statistics: [DefaultContextCache@3e4141cf size = 1, maxSize = 32, parentContextCount = 0, hitCount = 173, missCount = 1, failureCount = 0]
2024-12-09T18:08:14.031-03:00 DEBUG 21736 --- [usuarios] [           main] o.s.t.c.w.ServletTestExecutionListener   : Setting up MockHttpServletRequest, MockHttpServletResponse, ServletWebRequest, and RequestContextHolder for test class com.microrecetas.usuarios.service.RecetaServiceTest
2024-12-09T18:08:14.032-03:00 DEBUG 21736 --- [usuarios] [           main] DependencyInjectionTestExecutionListener : Performing dependency injection for test class com.microrecetas.usuarios.service.RecetaServiceTest
2024-12-09T18:08:14.033-03:00 DEBUG 21736 --- [usuarios] [           main] org.springframework.test.context.cache   : Spring test ApplicationContext cache statistics: [DefaultContextCache@3e4141cf size = 1, maxSize = 32, parentContextCount = 0, hitCount = 174, missCount = 1, failureCount = 0]
2024-12-09T18:08:14.033-03:00 DEBUG 21736 --- [usuarios] [           main] org.springframework.test.context.cache   : Spring test ApplicationContext cache statistics: [DefaultContextCache@3e4141cf size = 1, maxSize = 32, parentContextCount = 0, hitCount = 175, missCount = 1, failureCount = 0]
2024-12-09T18:08:14.034-03:00 DEBUG 21736 --- [usuarios] [           main] sContextBeforeModesTestExecutionListener : Before test method: class [RecetaServiceTest], method [testEliminarReceta], class annotated with @DirtiesContext [false] with mode [null], method annotated with @DirtiesContext [false] with mode [null]
2024-12-09T18:08:14.035-03:00 DEBUG 21736 --- [usuarios] [           main] org.springframework.test.context.cache   : Spring test ApplicationContext cache statistics: [DefaultContextCache@3e4141cf size = 1, maxSize = 32, parentContextCount = 0, hitCount = 176, missCount = 1, failureCount = 0]
2024-12-09T18:08:14.035-03:00 DEBUG 21736 --- [usuarios] [           main] org.springframework.test.context.cache   : Spring test ApplicationContext cache statistics: [DefaultContextCache@3e4141cf size = 1, maxSize = 32, parentContextCount = 0, hitCount = 177, missCount = 1, failureCount = 0]
2024-12-09T18:08:14.037-03:00 DEBUG 21736 --- [usuarios] [           main] org.springframework.test.context.cache   : Spring test ApplicationContext cache statistics: [DefaultContextCache@3e4141cf size = 1, maxSize = 32, parentContextCount = 0, hitCount = 178, missCount = 1, failureCount = 0]
2024-12-09T18:08:14.038-03:00 DEBUG 21736 --- [usuarios] [           main] org.springframework.test.context.cache   : Spring test ApplicationContext cache statistics: [DefaultContextCache@3e4141cf size = 1, maxSize = 32, parentContextCount = 0, hitCount = 179, missCount = 1, failureCount = 0]
2024-12-09T18:08:14.039-03:00 DEBUG 21736 --- [usuarios] [           main] org.springframework.test.context.cache   : Spring test ApplicationContext cache statistics: [DefaultContextCache@3e4141cf size = 1, maxSize = 32, parentContextCount = 0, hitCount = 180, missCount = 1, failureCount = 0]
2024-12-09T18:08:14.039-03:00 DEBUG 21736 --- [usuarios] [           main] org.springframework.test.context.cache   : Spring test ApplicationContext cache statistics: [DefaultContextCache@3e4141cf size = 1, maxSize = 32, parentContextCount = 0, hitCount = 181, missCount = 1, failureCount = 0]
2024-12-09T18:08:14.039-03:00 DEBUG 21736 --- [usuarios] [           main] org.springframework.test.context.cache   : Spring test ApplicationContext cache statistics: [DefaultContextCache@3e4141cf size = 1, maxSize = 32, parentContextCount = 0, hitCount = 182, missCount = 1, failureCount = 0]
2024-12-09T18:08:14.040-03:00 DEBUG 21736 --- [usuarios] [           main] org.springframework.test.context.cache   : Spring test ApplicationContext cache statistics: [DefaultContextCache@3e4141cf size = 1, maxSize = 32, parentContextCount = 0, hitCount = 183, missCount = 1, failureCount = 0]
2024-12-09T18:08:14.040-03:00 DEBUG 21736 --- [usuarios] [           main] org.springframework.test.context.cache   : Spring test ApplicationContext cache statistics: [DefaultContextCache@3e4141cf size = 1, maxSize = 32, parentContextCount = 0, hitCount = 184, missCount = 1, failureCount = 0]
2024-12-09T18:08:14.041-03:00 DEBUG 21736 --- [usuarios] [           main] org.springframework.test.context.cache   : Spring test ApplicationContext cache statistics: [DefaultContextCache@3e4141cf size = 1, maxSize = 32, parentContextCount = 0, hitCount = 185, missCount = 1, failureCount = 0]
2024-12-09T18:08:14.041-03:00 DEBUG 21736 --- [usuarios] [           main] .c.s.DirtiesContextTestExecutionListener : After test method: class [RecetaServiceTest], method [testEliminarReceta], class annotated with @DirtiesContext [false] with mode [null], method annotated with @DirtiesContext [false] with mode [null]
2024-12-09T18:08:14.041-03:00 DEBUG 21736 --- [usuarios] [           main] o.s.t.c.w.ServletTestExecutionListener   : Resetting RequestContextHolder for test class com.microrecetas.usuarios.service.RecetaServiceTest
]]></system-out>
  </testcase>
  <testcase name="testActualizarReceta" classname="com.microrecetas.usuarios.service.RecetaServiceTest" time="0.009">
    <system-out><![CDATA[2024-12-09T18:08:14.042-03:00 DEBUG 21736 --- [usuarios] [           main] org.springframework.test.context.cache   : Spring test ApplicationContext cache statistics: [DefaultContextCache@3e4141cf size = 1, maxSize = 32, parentContextCount = 0, hitCount = 186, missCount = 1, failureCount = 0]
2024-12-09T18:08:14.042-03:00 DEBUG 21736 --- [usuarios] [           main] o.s.t.c.w.ServletTestExecutionListener   : Setting up MockHttpServletRequest, MockHttpServletResponse, ServletWebRequest, and RequestContextHolder for test class com.microrecetas.usuarios.service.RecetaServiceTest
2024-12-09T18:08:14.044-03:00 DEBUG 21736 --- [usuarios] [           main] DependencyInjectionTestExecutionListener : Performing dependency injection for test class com.microrecetas.usuarios.service.RecetaServiceTest
2024-12-09T18:08:14.045-03:00 DEBUG 21736 --- [usuarios] [           main] org.springframework.test.context.cache   : Spring test ApplicationContext cache statistics: [DefaultContextCache@3e4141cf size = 1, maxSize = 32, parentContextCount = 0, hitCount = 187, missCount = 1, failureCount = 0]
2024-12-09T18:08:14.045-03:00 DEBUG 21736 --- [usuarios] [           main] org.springframework.test.context.cache   : Spring test ApplicationContext cache statistics: [DefaultContextCache@3e4141cf size = 1, maxSize = 32, parentContextCount = 0, hitCount = 188, missCount = 1, failureCount = 0]
2024-12-09T18:08:14.046-03:00 DEBUG 21736 --- [usuarios] [           main] sContextBeforeModesTestExecutionListener : Before test method: class [RecetaServiceTest], method [testActualizarReceta], class annotated with @DirtiesContext [false] with mode [null], method annotated with @DirtiesContext [false] with mode [null]
2024-12-09T18:08:14.047-03:00 DEBUG 21736 --- [usuarios] [           main] org.springframework.test.context.cache   : Spring test ApplicationContext cache statistics: [DefaultContextCache@3e4141cf size = 1, maxSize = 32, parentContextCount = 0, hitCount = 189, missCount = 1, failureCount = 0]
2024-12-09T18:08:14.047-03:00 DEBUG 21736 --- [usuarios] [           main] org.springframework.test.context.cache   : Spring test ApplicationContext cache statistics: [DefaultContextCache@3e4141cf size = 1, maxSize = 32, parentContextCount = 0, hitCount = 190, missCount = 1, failureCount = 0]
2024-12-09T18:08:14.048-03:00 DEBUG 21736 --- [usuarios] [           main] org.springframework.test.context.cache   : Spring test ApplicationContext cache statistics: [DefaultContextCache@3e4141cf size = 1, maxSize = 32, parentContextCount = 0, hitCount = 191, missCount = 1, failureCount = 0]
2024-12-09T18:08:14.051-03:00 DEBUG 21736 --- [usuarios] [           main] org.springframework.test.context.cache   : Spring test ApplicationContext cache statistics: [DefaultContextCache@3e4141cf size = 1, maxSize = 32, parentContextCount = 0, hitCount = 192, missCount = 1, failureCount = 0]
2024-12-09T18:08:14.052-03:00 DEBUG 21736 --- [usuarios] [           main] org.springframework.test.context.cache   : Spring test ApplicationContext cache statistics: [DefaultContextCache@3e4141cf size = 1, maxSize = 32, parentContextCount = 0, hitCount = 193, missCount = 1, failureCount = 0]
2024-12-09T18:08:14.052-03:00 DEBUG 21736 --- [usuarios] [           main] org.springframework.test.context.cache   : Spring test ApplicationContext cache statistics: [DefaultContextCache@3e4141cf size = 1, maxSize = 32, parentContextCount = 0, hitCount = 194, missCount = 1, failureCount = 0]
2024-12-09T18:08:14.052-03:00 DEBUG 21736 --- [usuarios] [           main] org.springframework.test.context.cache   : Spring test ApplicationContext cache statistics: [DefaultContextCache@3e4141cf size = 1, maxSize = 32, parentContextCount = 0, hitCount = 195, missCount = 1, failureCount = 0]
2024-12-09T18:08:14.053-03:00 DEBUG 21736 --- [usuarios] [           main] org.springframework.test.context.cache   : Spring test ApplicationContext cache statistics: [DefaultContextCache@3e4141cf size = 1, maxSize = 32, parentContextCount = 0, hitCount = 196, missCount = 1, failureCount = 0]
2024-12-09T18:08:14.054-03:00 DEBUG 21736 --- [usuarios] [           main] org.springframework.test.context.cache   : Spring test ApplicationContext cache statistics: [DefaultContextCache@3e4141cf size = 1, maxSize = 32, parentContextCount = 0, hitCount = 197, missCount = 1, failureCount = 0]
2024-12-09T18:08:14.054-03:00 DEBUG 21736 --- [usuarios] [           main] org.springframework.test.context.cache   : Spring test ApplicationContext cache statistics: [DefaultContextCache@3e4141cf size = 1, maxSize = 32, parentContextCount = 0, hitCount = 198, missCount = 1, failureCount = 0]
2024-12-09T18:08:14.054-03:00 DEBUG 21736 --- [usuarios] [           main] .c.s.DirtiesContextTestExecutionListener : After test method: class [RecetaServiceTest], method [testActualizarReceta], class annotated with @DirtiesContext [false] with mode [null], method annotated with @DirtiesContext [false] with mode [null]
2024-12-09T18:08:14.054-03:00 DEBUG 21736 --- [usuarios] [           main] o.s.t.c.w.ServletTestExecutionListener   : Resetting RequestContextHolder for test class com.microrecetas.usuarios.service.RecetaServiceTest
]]></system-out>
  </testcase>
</testsuite>